2024-12-18 00:10:48,913 - loyalty_model - INFO - logging_config.py:59 - Initializing Financial Model
2024-12-18 00:10:48,913 - loyalty_model - DEBUG - logging_config.py:63 - Starting financial calculations
2024-12-18 00:10:48,914 - loyalty_model - INFO - logging_config.py:59 - Initial active users calculated: 300.0
2024-12-18 00:10:49,090 - loyalty_model - INFO - logging_config.py:59 - Initializing Financial Model
2024-12-18 00:10:49,091 - loyalty_model - DEBUG - logging_config.py:63 - Starting financial calculations
2024-12-18 00:10:49,091 - loyalty_model - INFO - logging_config.py:59 - Initial active users calculated: 300.0
2024-12-18 00:13:17,160 - loyalty_model - INFO - logging_config.py:59 - Initializing Financial Model
2024-12-18 00:13:17,160 - loyalty_model - INFO - logging_config.py:59 - Initializing Financial Model
2024-12-18 00:13:17,170 - loyalty_model - DEBUG - logging_config.py:63 - Starting financial calculations
2024-12-18 00:13:17,170 - loyalty_model - DEBUG - logging_config.py:63 - Starting financial calculations
2024-12-18 00:13:17,171 - loyalty_model - INFO - logging_config.py:59 - Initial active users calculated: 300.0
2024-12-18 00:13:17,171 - loyalty_model - INFO - logging_config.py:59 - Initial active users calculated: 300.0
2024-12-18 00:13:39,560 - loyalty_model - INFO - logging_config.py:59 - Initializing Financial Model
2024-12-18 00:13:39,560 - loyalty_model - INFO - logging_config.py:59 - Initializing Financial Model
2024-12-18 00:13:39,560 - loyalty_model - DEBUG - logging_config.py:63 - Starting financial calculations
2024-12-18 00:13:39,560 - loyalty_model - DEBUG - logging_config.py:63 - Starting financial calculations
2024-12-18 00:13:39,561 - loyalty_model - INFO - logging_config.py:59 - Initial active users calculated: 300.0
2024-12-18 00:13:39,561 - loyalty_model - INFO - logging_config.py:59 - Initial active users calculated: 300.0
2024-12-18 00:13:39,592 - loyalty_model - INFO - logging_config.py:59 - Initializing Financial Model
2024-12-18 00:13:39,592 - loyalty_model - INFO - logging_config.py:59 - Initializing Financial Model
2024-12-18 00:13:39,593 - loyalty_model - DEBUG - logging_config.py:63 - Starting financial calculations
2024-12-18 00:13:39,593 - loyalty_model - DEBUG - logging_config.py:63 - Starting financial calculations
2024-12-18 00:13:39,594 - loyalty_model - INFO - logging_config.py:59 - Initial active users calculated: 280.0
2024-12-18 00:13:39,594 - loyalty_model - INFO - logging_config.py:59 - Initial active users calculated: 280.0
2024-12-18 00:14:13,529 - loyalty_model - INFO - logging_config.py:59 - Initializing Financial Model
2024-12-18 00:14:13,529 - loyalty_model - INFO - logging_config.py:59 - Initializing Financial Model
2024-12-18 00:14:13,529 - loyalty_model - INFO - logging_config.py:59 - Initializing Financial Model
2024-12-18 00:14:13,532 - loyalty_model - DEBUG - logging_config.py:63 - Starting financial calculations
2024-12-18 00:14:13,532 - loyalty_model - DEBUG - logging_config.py:63 - Starting financial calculations
2024-12-18 00:14:13,532 - loyalty_model - DEBUG - logging_config.py:63 - Starting financial calculations
2024-12-18 00:14:13,536 - loyalty_model - INFO - logging_config.py:59 - Initial active users calculated: 280.0
2024-12-18 00:14:13,536 - loyalty_model - INFO - logging_config.py:59 - Initial active users calculated: 280.0
2024-12-18 00:14:13,536 - loyalty_model - INFO - logging_config.py:59 - Initial active users calculated: 280.0
2024-12-18 00:14:14,284 - loyalty_model - INFO - logging_config.py:59 - Initializing Financial Model
2024-12-18 00:14:14,284 - loyalty_model - INFO - logging_config.py:59 - Initializing Financial Model
2024-12-18 00:14:14,284 - loyalty_model - INFO - logging_config.py:59 - Initializing Financial Model
2024-12-18 00:14:14,286 - loyalty_model - DEBUG - logging_config.py:63 - Starting financial calculations
2024-12-18 00:14:14,286 - loyalty_model - DEBUG - logging_config.py:63 - Starting financial calculations
2024-12-18 00:14:14,286 - loyalty_model - DEBUG - logging_config.py:63 - Starting financial calculations
2024-12-18 00:14:14,287 - loyalty_model - INFO - logging_config.py:59 - Initial active users calculated: 280.0
2024-12-18 00:14:14,287 - loyalty_model - INFO - logging_config.py:59 - Initial active users calculated: 280.0
2024-12-18 00:14:14,287 - loyalty_model - INFO - logging_config.py:59 - Initial active users calculated: 280.0
2024-12-18 00:14:31,467 - loyalty_model - INFO - logging_config.py:59 - Initializing Financial Model
2024-12-18 00:14:31,467 - loyalty_model - INFO - logging_config.py:59 - Initializing Financial Model
2024-12-18 00:14:31,467 - loyalty_model - INFO - logging_config.py:59 - Initializing Financial Model
2024-12-18 00:14:31,467 - loyalty_model - INFO - logging_config.py:59 - Initializing Financial Model
2024-12-18 00:14:31,482 - loyalty_model - DEBUG - logging_config.py:63 - Starting financial calculations
2024-12-18 00:14:31,482 - loyalty_model - DEBUG - logging_config.py:63 - Starting financial calculations
2024-12-18 00:14:31,482 - loyalty_model - DEBUG - logging_config.py:63 - Starting financial calculations
2024-12-18 00:14:31,482 - loyalty_model - DEBUG - logging_config.py:63 - Starting financial calculations
2024-12-18 00:14:31,483 - loyalty_model - INFO - logging_config.py:59 - Initial active users calculated: 300.0
2024-12-18 00:14:31,483 - loyalty_model - INFO - logging_config.py:59 - Initial active users calculated: 300.0
2024-12-18 00:14:31,483 - loyalty_model - INFO - logging_config.py:59 - Initial active users calculated: 300.0
2024-12-18 00:14:31,483 - loyalty_model - INFO - logging_config.py:59 - Initial active users calculated: 300.0
2024-12-18 00:14:35,975 - loyalty_model - INFO - logging_config.py:59 - Initializing Financial Model
2024-12-18 00:14:35,975 - loyalty_model - INFO - logging_config.py:59 - Initializing Financial Model
2024-12-18 00:14:35,975 - loyalty_model - INFO - logging_config.py:59 - Initializing Financial Model
2024-12-18 00:14:35,975 - loyalty_model - INFO - logging_config.py:59 - Initializing Financial Model
2024-12-18 00:14:35,976 - loyalty_model - DEBUG - logging_config.py:63 - Starting financial calculations
2024-12-18 00:14:35,976 - loyalty_model - DEBUG - logging_config.py:63 - Starting financial calculations
2024-12-18 00:14:35,976 - loyalty_model - DEBUG - logging_config.py:63 - Starting financial calculations
2024-12-18 00:14:35,976 - loyalty_model - DEBUG - logging_config.py:63 - Starting financial calculations
2024-12-18 00:14:35,976 - loyalty_model - INFO - logging_config.py:59 - Initial active users calculated: 300.0
2024-12-18 00:14:35,976 - loyalty_model - INFO - logging_config.py:59 - Initial active users calculated: 300.0
2024-12-18 00:14:35,976 - loyalty_model - INFO - logging_config.py:59 - Initial active users calculated: 300.0
2024-12-18 00:14:35,976 - loyalty_model - INFO - logging_config.py:59 - Initial active users calculated: 300.0
2024-12-18 00:14:36,110 - loyalty_model - INFO - logging_config.py:59 - Initializing Financial Model
2024-12-18 00:14:36,110 - loyalty_model - INFO - logging_config.py:59 - Initializing Financial Model
2024-12-18 00:14:36,110 - loyalty_model - INFO - logging_config.py:59 - Initializing Financial Model
2024-12-18 00:14:36,110 - loyalty_model - INFO - logging_config.py:59 - Initializing Financial Model
2024-12-18 00:14:36,137 - loyalty_model - DEBUG - logging_config.py:63 - Starting financial calculations
2024-12-18 00:14:36,137 - loyalty_model - DEBUG - logging_config.py:63 - Starting financial calculations
2024-12-18 00:14:36,137 - loyalty_model - DEBUG - logging_config.py:63 - Starting financial calculations
2024-12-18 00:14:36,137 - loyalty_model - DEBUG - logging_config.py:63 - Starting financial calculations
2024-12-18 00:14:36,138 - loyalty_model - INFO - logging_config.py:59 - Initial active users calculated: 280.0
2024-12-18 00:14:36,138 - loyalty_model - INFO - logging_config.py:59 - Initial active users calculated: 280.0
2024-12-18 00:14:36,138 - loyalty_model - INFO - logging_config.py:59 - Initial active users calculated: 280.0
2024-12-18 00:14:36,138 - loyalty_model - INFO - logging_config.py:59 - Initial active users calculated: 280.0
2024-12-18 00:19:00,599 - loyalty_model - INFO - logging_config.py:59 - Initializing Financial Model
2024-12-18 00:19:00,603 - loyalty_model - DEBUG - logging_config.py:63 - Starting financial calculations
2024-12-18 00:19:00,603 - loyalty_model - INFO - logging_config.py:59 - Initial active users calculated: 300.0
2024-12-18 00:19:02,468 - loyalty_model - INFO - logging_config.py:59 - Initializing Financial Model
2024-12-18 00:19:02,470 - loyalty_model - DEBUG - logging_config.py:63 - Starting financial calculations
2024-12-18 00:19:02,471 - loyalty_model - INFO - logging_config.py:59 - Initial active users calculated: 300.0
2024-12-18 00:21:34,872 - loyalty_model - INFO - logging_config.py:59 - Initializing Financial Model
2024-12-18 00:21:34,874 - loyalty_model - DEBUG - logging_config.py:63 - Starting financial calculations
2024-12-18 00:21:34,875 - loyalty_model - INFO - logging_config.py:59 - Initial active users calculated: 300.0
2024-12-18 00:23:14,036 - loyalty_model - INFO - logging_config.py:59 - Initializing Financial Model
2024-12-18 00:23:14,036 - loyalty_model - DEBUG - logging_config.py:63 - Starting financial calculations
2024-12-18 00:23:14,036 - loyalty_model - INFO - logging_config.py:59 - Initial active users calculated: 300.0
2024-12-18 00:24:48,793 - loyalty_model - INFO - logging_config.py:59 - Initializing Financial Model
2024-12-18 00:24:48,794 - loyalty_model - DEBUG - logging_config.py:63 - Starting financial calculations
2024-12-18 00:24:48,795 - loyalty_model - INFO - logging_config.py:59 - Initial active users calculated: 300.0
2024-12-18 00:27:15,829 - loyalty_model - INFO - logging_config.py:59 - Initializing Financial Model
2024-12-18 00:27:15,830 - loyalty_model - DEBUG - logging_config.py:63 - Starting financial calculations
2024-12-18 00:27:15,830 - loyalty_model - INFO - logging_config.py:59 - Initial active users calculated: 300.0
2024-12-18 00:27:43,955 - loyalty_model - INFO - logging_config.py:59 - Initializing Financial Model
2024-12-18 00:27:43,959 - loyalty_model - DEBUG - logging_config.py:63 - Starting financial calculations
2024-12-18 00:27:43,960 - loyalty_model - INFO - logging_config.py:59 - Initial active users calculated: 300.0
2024-12-18 00:28:43,407 - loyalty_model - INFO - logging_config.py:59 - Initializing Financial Model
2024-12-18 00:28:43,459 - loyalty_model - DEBUG - logging_config.py:63 - Starting financial calculations
2024-12-18 00:28:43,461 - loyalty_model - INFO - logging_config.py:59 - Initial active users calculated: 300.0
2024-12-18 00:31:29,450 - loyalty_model - INFO - logging_config.py:59 - Initializing Financial Model
2024-12-18 00:31:29,450 - loyalty_model - INFO - logging_config.py:59 - Initializing Financial Model
2024-12-18 00:31:29,451 - loyalty_model - DEBUG - logging_config.py:63 - Starting financial calculations
2024-12-18 00:31:29,451 - loyalty_model - DEBUG - logging_config.py:63 - Starting financial calculations
2024-12-18 00:31:29,451 - loyalty_model - INFO - logging_config.py:59 - Initial active users calculated: 300.0
2024-12-18 00:31:29,451 - loyalty_model - INFO - logging_config.py:59 - Initial active users calculated: 300.0
2024-12-18 00:31:36,875 - loyalty_model - INFO - logging_config.py:59 - Initializing Financial Model
2024-12-18 00:31:36,875 - loyalty_model - INFO - logging_config.py:59 - Initializing Financial Model
2024-12-18 00:31:36,879 - loyalty_model - DEBUG - logging_config.py:63 - Starting financial calculations
2024-12-18 00:31:36,879 - loyalty_model - DEBUG - logging_config.py:63 - Starting financial calculations
2024-12-18 00:31:36,879 - loyalty_model - INFO - logging_config.py:59 - Initial active users calculated: 300.0
2024-12-18 00:31:36,879 - loyalty_model - INFO - logging_config.py:59 - Initial active users calculated: 300.0
2024-12-18 00:31:37,000 - loyalty_model - INFO - logging_config.py:59 - Initializing Financial Model
2024-12-18 00:31:37,000 - loyalty_model - INFO - logging_config.py:59 - Initializing Financial Model
2024-12-18 00:31:37,006 - loyalty_model - DEBUG - logging_config.py:63 - Starting financial calculations
2024-12-18 00:31:37,006 - loyalty_model - DEBUG - logging_config.py:63 - Starting financial calculations
2024-12-18 00:31:37,014 - loyalty_model - INFO - logging_config.py:59 - Initial active users calculated: 240.0
2024-12-18 00:31:37,014 - loyalty_model - INFO - logging_config.py:59 - Initial active users calculated: 240.0
2024-12-18 00:32:37,732 - loyalty_model - INFO - logging_config.py:59 - Initializing Financial Model
2024-12-18 00:32:37,732 - loyalty_model - INFO - logging_config.py:59 - Initializing Financial Model
2024-12-18 00:32:37,732 - loyalty_model - INFO - logging_config.py:59 - Initializing Financial Model
2024-12-18 00:32:37,815 - loyalty_model - DEBUG - logging_config.py:63 - Starting financial calculations
2024-12-18 00:32:37,815 - loyalty_model - DEBUG - logging_config.py:63 - Starting financial calculations
2024-12-18 00:32:37,815 - loyalty_model - DEBUG - logging_config.py:63 - Starting financial calculations
2024-12-18 00:32:37,815 - loyalty_model - INFO - logging_config.py:59 - Initial active users calculated: 300.0
2024-12-18 00:32:37,815 - loyalty_model - INFO - logging_config.py:59 - Initial active users calculated: 300.0
2024-12-18 00:32:37,815 - loyalty_model - INFO - logging_config.py:59 - Initial active users calculated: 300.0
2024-12-18 00:32:41,975 - loyalty_model - INFO - logging_config.py:59 - Initializing Financial Model
2024-12-18 00:32:41,975 - loyalty_model - INFO - logging_config.py:59 - Initializing Financial Model
2024-12-18 00:32:41,975 - loyalty_model - INFO - logging_config.py:59 - Initializing Financial Model
2024-12-18 00:32:41,975 - loyalty_model - DEBUG - logging_config.py:63 - Starting financial calculations
2024-12-18 00:32:41,975 - loyalty_model - DEBUG - logging_config.py:63 - Starting financial calculations
2024-12-18 00:32:41,975 - loyalty_model - DEBUG - logging_config.py:63 - Starting financial calculations
2024-12-18 00:32:41,975 - loyalty_model - INFO - logging_config.py:59 - Initial active users calculated: 300.0
2024-12-18 00:32:41,975 - loyalty_model - INFO - logging_config.py:59 - Initial active users calculated: 300.0
2024-12-18 00:32:41,975 - loyalty_model - INFO - logging_config.py:59 - Initial active users calculated: 300.0
2024-12-18 00:32:42,075 - loyalty_model - INFO - logging_config.py:59 - Initializing Financial Model
2024-12-18 00:32:42,075 - loyalty_model - INFO - logging_config.py:59 - Initializing Financial Model
2024-12-18 00:32:42,075 - loyalty_model - INFO - logging_config.py:59 - Initializing Financial Model
2024-12-18 00:32:42,118 - loyalty_model - DEBUG - logging_config.py:63 - Starting financial calculations
2024-12-18 00:32:42,118 - loyalty_model - DEBUG - logging_config.py:63 - Starting financial calculations
2024-12-18 00:32:42,118 - loyalty_model - DEBUG - logging_config.py:63 - Starting financial calculations
2024-12-18 00:32:42,119 - loyalty_model - INFO - logging_config.py:59 - Initial active users calculated: 240.0
2024-12-18 00:32:42,119 - loyalty_model - INFO - logging_config.py:59 - Initial active users calculated: 240.0
2024-12-18 00:32:42,119 - loyalty_model - INFO - logging_config.py:59 - Initial active users calculated: 240.0
2024-12-18 00:33:11,804 - loyalty_model - INFO - logging_config.py:59 - Initializing Financial Model
2024-12-18 00:33:11,804 - loyalty_model - INFO - logging_config.py:59 - Initializing Financial Model
2024-12-18 00:33:11,804 - loyalty_model - INFO - logging_config.py:59 - Initializing Financial Model
2024-12-18 00:33:11,805 - loyalty_model - DEBUG - logging_config.py:63 - Starting financial calculations
2024-12-18 00:33:11,805 - loyalty_model - DEBUG - logging_config.py:63 - Starting financial calculations
2024-12-18 00:33:11,805 - loyalty_model - DEBUG - logging_config.py:63 - Starting financial calculations
2024-12-18 00:33:11,808 - loyalty_model - INFO - logging_config.py:59 - Initial active users calculated: 240.0
2024-12-18 00:33:11,808 - loyalty_model - INFO - logging_config.py:59 - Initial active users calculated: 240.0
2024-12-18 00:33:11,808 - loyalty_model - INFO - logging_config.py:59 - Initial active users calculated: 240.0
2024-12-18 00:33:12,012 - loyalty_model - INFO - logging_config.py:59 - Initializing Financial Model
2024-12-18 00:33:12,012 - loyalty_model - INFO - logging_config.py:59 - Initializing Financial Model
2024-12-18 00:33:12,012 - loyalty_model - INFO - logging_config.py:59 - Initializing Financial Model
2024-12-18 00:33:12,019 - loyalty_model - DEBUG - logging_config.py:63 - Starting financial calculations
2024-12-18 00:33:12,019 - loyalty_model - DEBUG - logging_config.py:63 - Starting financial calculations
2024-12-18 00:33:12,019 - loyalty_model - DEBUG - logging_config.py:63 - Starting financial calculations
2024-12-18 00:33:12,019 - loyalty_model - INFO - logging_config.py:59 - Initial active users calculated: 300.0
2024-12-18 00:33:12,019 - loyalty_model - INFO - logging_config.py:59 - Initial active users calculated: 300.0
2024-12-18 00:33:12,019 - loyalty_model - INFO - logging_config.py:59 - Initial active users calculated: 300.0
2024-12-18 00:33:15,888 - loyalty_model - INFO - logging_config.py:59 - Initializing Financial Model
2024-12-18 00:33:15,888 - loyalty_model - INFO - logging_config.py:59 - Initializing Financial Model
2024-12-18 00:33:15,888 - loyalty_model - INFO - logging_config.py:59 - Initializing Financial Model
2024-12-18 00:33:15,892 - loyalty_model - DEBUG - logging_config.py:63 - Starting financial calculations
2024-12-18 00:33:15,892 - loyalty_model - DEBUG - logging_config.py:63 - Starting financial calculations
2024-12-18 00:33:15,892 - loyalty_model - DEBUG - logging_config.py:63 - Starting financial calculations
2024-12-18 00:33:15,896 - loyalty_model - INFO - logging_config.py:59 - Initial active users calculated: 300.0
2024-12-18 00:33:15,896 - loyalty_model - INFO - logging_config.py:59 - Initial active users calculated: 300.0
2024-12-18 00:33:15,896 - loyalty_model - INFO - logging_config.py:59 - Initial active users calculated: 300.0
2024-12-18 00:33:16,064 - loyalty_model - INFO - logging_config.py:59 - Initializing Financial Model
2024-12-18 00:33:16,064 - loyalty_model - INFO - logging_config.py:59 - Initializing Financial Model
2024-12-18 00:33:16,064 - loyalty_model - INFO - logging_config.py:59 - Initializing Financial Model
2024-12-18 00:33:16,102 - loyalty_model - DEBUG - logging_config.py:63 - Starting financial calculations
2024-12-18 00:33:16,102 - loyalty_model - DEBUG - logging_config.py:63 - Starting financial calculations
2024-12-18 00:33:16,102 - loyalty_model - DEBUG - logging_config.py:63 - Starting financial calculations
2024-12-18 00:33:16,103 - loyalty_model - INFO - logging_config.py:59 - Initial active users calculated: 540.0
2024-12-18 00:33:16,103 - loyalty_model - INFO - logging_config.py:59 - Initial active users calculated: 540.0
2024-12-18 00:33:16,103 - loyalty_model - INFO - logging_config.py:59 - Initial active users calculated: 540.0
2024-12-18 00:33:40,135 - loyalty_model - INFO - logging_config.py:59 - Initializing Financial Model
2024-12-18 00:33:40,135 - loyalty_model - INFO - logging_config.py:59 - Initializing Financial Model
2024-12-18 00:33:40,135 - loyalty_model - INFO - logging_config.py:59 - Initializing Financial Model
2024-12-18 00:33:40,148 - loyalty_model - INFO - logging_config.py:59 - Creating session state backup
2024-12-18 00:33:40,148 - loyalty_model - INFO - logging_config.py:59 - Creating session state backup
2024-12-18 00:33:40,148 - loyalty_model - INFO - logging_config.py:59 - Creating session state backup
2024-12-18 00:33:40,150 - loyalty_model - INFO - logging_config.py:59 - Applied preset pessimistic with values: {'initial_users': 800, 'active_conversion': 0.3, 'growth_rate_y1': 0.15, 'growth_rate_y2': 0.1, 'avg_check': 2500, 'points_usage_rate': 0.6, 'cashback_rate': 0.15, 'expired_points_rate': 0.03, 'exchange_commission_rate': 0.02, 'reward_commission_rate': 0.03, 'burn_rate_fot_1': 2500000, 'burn_rate_fot_2': 3000000, 'base_infra_cost': 250000, 'marketing_efficiency': 150, 'marketing_spend_rate': 0.2, 'ad_revenue_per_user': 15, 'partnership_rate': 0.003}
2024-12-18 00:33:40,150 - loyalty_model - INFO - logging_config.py:59 - Applied preset pessimistic with values: {'initial_users': 800, 'active_conversion': 0.3, 'growth_rate_y1': 0.15, 'growth_rate_y2': 0.1, 'avg_check': 2500, 'points_usage_rate': 0.6, 'cashback_rate': 0.15, 'expired_points_rate': 0.03, 'exchange_commission_rate': 0.02, 'reward_commission_rate': 0.03, 'burn_rate_fot_1': 2500000, 'burn_rate_fot_2': 3000000, 'base_infra_cost': 250000, 'marketing_efficiency': 150, 'marketing_spend_rate': 0.2, 'ad_revenue_per_user': 15, 'partnership_rate': 0.003}
2024-12-18 00:33:40,150 - loyalty_model - INFO - logging_config.py:59 - Applied preset pessimistic with values: {'initial_users': 800, 'active_conversion': 0.3, 'growth_rate_y1': 0.15, 'growth_rate_y2': 0.1, 'avg_check': 2500, 'points_usage_rate': 0.6, 'cashback_rate': 0.15, 'expired_points_rate': 0.03, 'exchange_commission_rate': 0.02, 'reward_commission_rate': 0.03, 'burn_rate_fot_1': 2500000, 'burn_rate_fot_2': 3000000, 'base_infra_cost': 250000, 'marketing_efficiency': 150, 'marketing_spend_rate': 0.2, 'ad_revenue_per_user': 15, 'partnership_rate': 0.003}
2024-12-18 00:33:40,150 - loyalty_model - DEBUG - logging_config.py:63 - Starting financial calculations
2024-12-18 00:33:40,150 - loyalty_model - DEBUG - logging_config.py:63 - Starting financial calculations
2024-12-18 00:33:40,150 - loyalty_model - DEBUG - logging_config.py:63 - Starting financial calculations
2024-12-18 00:33:40,151 - loyalty_model - INFO - logging_config.py:59 - Initial active users calculated: 240.0
2024-12-18 00:33:40,151 - loyalty_model - INFO - logging_config.py:59 - Initial active users calculated: 240.0
2024-12-18 00:33:40,151 - loyalty_model - INFO - logging_config.py:59 - Initial active users calculated: 240.0
2024-12-18 00:33:40,171 - loyalty_model - INFO - logging_config.py:59 - Restoring session state from backup
2024-12-18 00:33:40,171 - loyalty_model - INFO - logging_config.py:59 - Restoring session state from backup
2024-12-18 00:33:40,171 - loyalty_model - INFO - logging_config.py:59 - Restoring session state from backup
2024-12-18 00:33:40,186 - loyalty_model - INFO - logging_config.py:59 - Creating session state backup
2024-12-18 00:33:40,186 - loyalty_model - INFO - logging_config.py:59 - Creating session state backup
2024-12-18 00:33:40,186 - loyalty_model - INFO - logging_config.py:59 - Creating session state backup
2024-12-18 00:33:40,198 - loyalty_model - INFO - logging_config.py:59 - Applied preset standard with values: {'initial_users': 1000, 'active_conversion': 0.3, 'growth_rate_y1': 0.2, 'growth_rate_y2': 0.15, 'avg_check': 2800, 'points_usage_rate': 0.55, 'cashback_rate': 0.12, 'expired_points_rate': 0.07, 'exchange_commission_rate': 0.03, 'reward_commission_rate': 0.04, 'base_infra_cost': 200000, 'marketing_efficiency': 200, 'marketing_spend_rate': 0.1, 'ad_revenue_per_user': 20, 'partnership_rate': 0.005, 'burn_rate_fot_1': 2500000, 'burn_rate_fot_2': 3500000, 'initial_investment': 10000000, 'marketing_budget_fixed': 200000, 'marketing_budget_rate': 0.05, 'initial_fot': 0}
2024-12-18 00:33:40,198 - loyalty_model - INFO - logging_config.py:59 - Applied preset standard with values: {'initial_users': 1000, 'active_conversion': 0.3, 'growth_rate_y1': 0.2, 'growth_rate_y2': 0.15, 'avg_check': 2800, 'points_usage_rate': 0.55, 'cashback_rate': 0.12, 'expired_points_rate': 0.07, 'exchange_commission_rate': 0.03, 'reward_commission_rate': 0.04, 'base_infra_cost': 200000, 'marketing_efficiency': 200, 'marketing_spend_rate': 0.1, 'ad_revenue_per_user': 20, 'partnership_rate': 0.005, 'burn_rate_fot_1': 2500000, 'burn_rate_fot_2': 3500000, 'initial_investment': 10000000, 'marketing_budget_fixed': 200000, 'marketing_budget_rate': 0.05, 'initial_fot': 0}
2024-12-18 00:33:40,198 - loyalty_model - INFO - logging_config.py:59 - Applied preset standard with values: {'initial_users': 1000, 'active_conversion': 0.3, 'growth_rate_y1': 0.2, 'growth_rate_y2': 0.15, 'avg_check': 2800, 'points_usage_rate': 0.55, 'cashback_rate': 0.12, 'expired_points_rate': 0.07, 'exchange_commission_rate': 0.03, 'reward_commission_rate': 0.04, 'base_infra_cost': 200000, 'marketing_efficiency': 200, 'marketing_spend_rate': 0.1, 'ad_revenue_per_user': 20, 'partnership_rate': 0.005, 'burn_rate_fot_1': 2500000, 'burn_rate_fot_2': 3500000, 'initial_investment': 10000000, 'marketing_budget_fixed': 200000, 'marketing_budget_rate': 0.05, 'initial_fot': 0}
2024-12-18 00:33:40,206 - loyalty_model - DEBUG - logging_config.py:63 - Starting financial calculations
2024-12-18 00:33:40,206 - loyalty_model - DEBUG - logging_config.py:63 - Starting financial calculations
2024-12-18 00:33:40,206 - loyalty_model - DEBUG - logging_config.py:63 - Starting financial calculations
2024-12-18 00:33:40,206 - loyalty_model - INFO - logging_config.py:59 - Initial active users calculated: 300.0
2024-12-18 00:33:40,206 - loyalty_model - INFO - logging_config.py:59 - Initial active users calculated: 300.0
2024-12-18 00:33:40,206 - loyalty_model - INFO - logging_config.py:59 - Initial active users calculated: 300.0
2024-12-18 00:33:40,208 - loyalty_model - INFO - logging_config.py:59 - Restoring session state from backup
2024-12-18 00:33:40,208 - loyalty_model - INFO - logging_config.py:59 - Restoring session state from backup
2024-12-18 00:33:40,208 - loyalty_model - INFO - logging_config.py:59 - Restoring session state from backup
2024-12-18 00:33:40,210 - loyalty_model - INFO - logging_config.py:59 - Creating session state backup
2024-12-18 00:33:40,210 - loyalty_model - INFO - logging_config.py:59 - Creating session state backup
2024-12-18 00:33:40,210 - loyalty_model - INFO - logging_config.py:59 - Creating session state backup
2024-12-18 00:33:40,212 - loyalty_model - INFO - logging_config.py:59 - Applied preset optimistic with values: {'initial_users': 1200, 'active_conversion': 0.45, 'growth_rate_y1': 0.25, 'growth_rate_y2': 0.15, 'avg_check': 3200, 'points_usage_rate': 0.65, 'cashback_rate': 0.17, 'expired_points_rate': 0.07, 'exchange_commission_rate': 0.04, 'reward_commission_rate': 0.06, 'burn_rate_fot_1': 2000000, 'burn_rate_fot_2': 3000000, 'base_infra_cost': 180000, 'marketing_efficiency': 200, 'marketing_spend_rate': 0.05, 'ad_revenue_per_user': 25, 'partnership_rate': 0.007}
2024-12-18 00:33:40,212 - loyalty_model - INFO - logging_config.py:59 - Applied preset optimistic with values: {'initial_users': 1200, 'active_conversion': 0.45, 'growth_rate_y1': 0.25, 'growth_rate_y2': 0.15, 'avg_check': 3200, 'points_usage_rate': 0.65, 'cashback_rate': 0.17, 'expired_points_rate': 0.07, 'exchange_commission_rate': 0.04, 'reward_commission_rate': 0.06, 'burn_rate_fot_1': 2000000, 'burn_rate_fot_2': 3000000, 'base_infra_cost': 180000, 'marketing_efficiency': 200, 'marketing_spend_rate': 0.05, 'ad_revenue_per_user': 25, 'partnership_rate': 0.007}
2024-12-18 00:33:40,212 - loyalty_model - INFO - logging_config.py:59 - Applied preset optimistic with values: {'initial_users': 1200, 'active_conversion': 0.45, 'growth_rate_y1': 0.25, 'growth_rate_y2': 0.15, 'avg_check': 3200, 'points_usage_rate': 0.65, 'cashback_rate': 0.17, 'expired_points_rate': 0.07, 'exchange_commission_rate': 0.04, 'reward_commission_rate': 0.06, 'burn_rate_fot_1': 2000000, 'burn_rate_fot_2': 3000000, 'base_infra_cost': 180000, 'marketing_efficiency': 200, 'marketing_spend_rate': 0.05, 'ad_revenue_per_user': 25, 'partnership_rate': 0.007}
2024-12-18 00:33:40,212 - loyalty_model - DEBUG - logging_config.py:63 - Starting financial calculations
2024-12-18 00:33:40,212 - loyalty_model - DEBUG - logging_config.py:63 - Starting financial calculations
2024-12-18 00:33:40,212 - loyalty_model - DEBUG - logging_config.py:63 - Starting financial calculations
2024-12-18 00:33:40,213 - loyalty_model - INFO - logging_config.py:59 - Initial active users calculated: 540.0
2024-12-18 00:33:40,213 - loyalty_model - INFO - logging_config.py:59 - Initial active users calculated: 540.0
2024-12-18 00:33:40,213 - loyalty_model - INFO - logging_config.py:59 - Initial active users calculated: 540.0
2024-12-18 00:33:40,214 - loyalty_model - INFO - logging_config.py:59 - Restoring session state from backup
2024-12-18 00:33:40,214 - loyalty_model - INFO - logging_config.py:59 - Restoring session state from backup
2024-12-18 00:33:40,214 - loyalty_model - INFO - logging_config.py:59 - Restoring session state from backup
2024-12-18 00:33:57,742 - loyalty_model - INFO - logging_config.py:59 - Initializing Financial Model
2024-12-18 00:33:57,744 - loyalty_model - DEBUG - logging_config.py:63 - Starting financial calculations
2024-12-18 00:33:57,744 - loyalty_model - INFO - logging_config.py:59 - Initial active users calculated: 300.0
2024-12-18 00:33:58,678 - loyalty_model - INFO - logging_config.py:59 - Initializing Financial Model
2024-12-18 00:33:58,678 - loyalty_model - DEBUG - logging_config.py:63 - Starting financial calculations
2024-12-18 00:33:58,678 - loyalty_model - INFO - logging_config.py:59 - Initial active users calculated: 300.0
2024-12-18 00:40:10,551 - loyalty_model - INFO - logging_config.py:59 - Initializing Financial Model
2024-12-18 00:40:10,555 - loyalty_model - DEBUG - logging_config.py:63 - Starting financial calculations
2024-12-18 00:40:10,555 - loyalty_model - INFO - logging_config.py:59 - Initial active users calculated: 300.0
2024-12-18 00:40:10,894 - loyalty_model - INFO - logging_config.py:59 - Initializing Financial Model
2024-12-18 00:40:10,897 - loyalty_model - DEBUG - logging_config.py:63 - Starting financial calculations
2024-12-18 00:40:10,897 - loyalty_model - INFO - logging_config.py:59 - Initial active users calculated: 300.0
2024-12-18 00:53:07,338 - loyalty_model - INFO - logging_config.py:59 - Initializing Financial Model
2024-12-18 00:53:07,340 - loyalty_model - INFO - logging_config.py:59 - Creating session state backup
2024-12-18 00:53:07,342 - loyalty_model - INFO - logging_config.py:59 - Applied preset pessimistic with values: {'initial_users': 800, 'active_conversion': 0.3, 'growth_rate_y1': 0.15, 'growth_rate_y2': 0.1, 'avg_check': 2500, 'points_usage_rate': 0.6, 'cashback_rate': 0.15, 'expired_points_rate': 0.03, 'exchange_commission_rate': 0.02, 'reward_commission_rate': 0.03, 'burn_rate_fot_1': 2500000, 'burn_rate_fot_2': 3000000, 'base_infra_cost': 250000, 'marketing_efficiency': 150, 'marketing_spend_rate': 0.2, 'ad_revenue_per_user': 15, 'partnership_rate': 0.003}
2024-12-18 00:53:07,343 - loyalty_model - DEBUG - logging_config.py:63 - Starting financial calculations
2024-12-18 00:53:07,343 - loyalty_model - INFO - logging_config.py:59 - Initial active users calculated: 240.0
2024-12-18 00:53:07,344 - loyalty_model - INFO - logging_config.py:59 - Restoring session state from backup
2024-12-18 00:53:07,346 - loyalty_model - INFO - logging_config.py:59 - Creating session state backup
2024-12-18 00:53:07,348 - loyalty_model - INFO - logging_config.py:59 - Applied preset standard with values: {'initial_users': 1000, 'active_conversion': 0.3, 'growth_rate_y1': 0.2, 'growth_rate_y2': 0.15, 'avg_check': 2800, 'points_usage_rate': 0.7, 'cashback_rate': 0.15, 'expired_points_rate': 0.07, 'exchange_commission_rate': 0.03, 'reward_commission_rate': 0.05, 'ad_revenue_per_user': 20, 'partnership_rate': 0.005, 'base_infra_cost': 200000, 'marketing_efficiency': 200, 'marketing_spend_rate': 0.05, 'burn_rate_fot_1': 2500000, 'burn_rate_fot_2': 3500000, 'initial_investment': 10000000, 'marketing_budget_fixed': 200000, 'marketing_budget_rate': 0.05, 'initial_fot': 0}
2024-12-18 00:53:07,349 - loyalty_model - DEBUG - logging_config.py:63 - Starting financial calculations
2024-12-18 00:53:07,349 - loyalty_model - INFO - logging_config.py:59 - Initial active users calculated: 300.0
2024-12-18 00:53:07,351 - loyalty_model - INFO - logging_config.py:59 - Restoring session state from backup
2024-12-18 00:53:07,353 - loyalty_model - INFO - logging_config.py:59 - Creating session state backup
2024-12-18 00:53:07,355 - loyalty_model - INFO - logging_config.py:59 - Applied preset optimistic with values: {'initial_users': 1200, 'active_conversion': 0.45, 'growth_rate_y1': 0.25, 'growth_rate_y2': 0.15, 'avg_check': 3200, 'points_usage_rate': 0.65, 'cashback_rate': 0.17, 'expired_points_rate': 0.07, 'exchange_commission_rate': 0.04, 'reward_commission_rate': 0.06, 'burn_rate_fot_1': 2000000, 'burn_rate_fot_2': 3000000, 'base_infra_cost': 180000, 'marketing_efficiency': 200, 'marketing_spend_rate': 0.05, 'ad_revenue_per_user': 25, 'partnership_rate': 0.007}
2024-12-18 00:53:07,355 - loyalty_model - DEBUG - logging_config.py:63 - Starting financial calculations
2024-12-18 00:53:07,356 - loyalty_model - INFO - logging_config.py:59 - Initial active users calculated: 540.0
2024-12-18 00:53:07,357 - loyalty_model - INFO - logging_config.py:59 - Restoring session state from backup
2024-12-18 00:53:11,633 - loyalty_model - INFO - logging_config.py:59 - Initializing Financial Model
2024-12-18 00:53:11,634 - loyalty_model - DEBUG - logging_config.py:63 - Starting financial calculations
2024-12-18 00:53:11,635 - loyalty_model - INFO - logging_config.py:59 - Initial active users calculated: 300.0
2024-12-18 00:53:15,364 - loyalty_model - INFO - logging_config.py:59 - Initializing Financial Model
2024-12-18 00:53:15,364 - loyalty_model - DEBUG - logging_config.py:63 - Starting financial calculations
2024-12-18 00:53:15,367 - loyalty_model - INFO - logging_config.py:59 - Initial active users calculated: 300.0
2024-12-18 00:53:15,434 - loyalty_model - INFO - logging_config.py:59 - Initializing Financial Model
2024-12-18 00:53:15,440 - loyalty_model - DEBUG - logging_config.py:63 - Starting financial calculations
2024-12-18 00:53:15,442 - loyalty_model - INFO - logging_config.py:59 - Initial active users calculated: 240.0
2024-12-18 00:53:17,496 - loyalty_model - INFO - logging_config.py:59 - Initializing Financial Model
2024-12-18 00:53:17,501 - loyalty_model - DEBUG - logging_config.py:63 - Starting financial calculations
2024-12-18 00:53:17,504 - loyalty_model - INFO - logging_config.py:59 - Initial active users calculated: 240.0
2024-12-18 00:53:17,582 - loyalty_model - INFO - logging_config.py:59 - Initializing Financial Model
2024-12-18 00:53:17,582 - loyalty_model - DEBUG - logging_config.py:63 - Starting financial calculations
2024-12-18 00:53:17,582 - loyalty_model - INFO - logging_config.py:59 - Initial active users calculated: 300.0
2024-12-18 00:53:29,466 - loyalty_model - INFO - logging_config.py:59 - Initializing Financial Model
2024-12-18 00:53:29,467 - loyalty_model - DEBUG - logging_config.py:63 - Starting financial calculations
2024-12-18 00:53:29,468 - loyalty_model - INFO - logging_config.py:59 - Initial active users calculated: 300.0
2024-12-18 00:53:39,175 - loyalty_model - INFO - logging_config.py:59 - Initializing Financial Model
2024-12-18 00:53:39,176 - loyalty_model - DEBUG - logging_config.py:63 - Starting financial calculations
2024-12-18 00:53:39,177 - loyalty_model - INFO - logging_config.py:59 - Initial active users calculated: 300.0
2024-12-18 00:53:39,692 - loyalty_model - INFO - logging_config.py:59 - Initializing Financial Model
2024-12-18 00:53:39,693 - loyalty_model - DEBUG - logging_config.py:63 - Starting financial calculations
2024-12-18 00:53:39,694 - loyalty_model - INFO - logging_config.py:59 - Initial active users calculated: 300.0
2024-12-18 00:59:58,516 - loyalty_model - INFO - logging_config.py:59 - Initializing Financial Model
2024-12-18 00:59:58,517 - loyalty_model - DEBUG - logging_config.py:63 - Starting financial calculations
2024-12-18 00:59:58,517 - loyalty_model - INFO - logging_config.py:59 - Initial active users calculated: 300.0
2024-12-18 00:59:59,442 - loyalty_model - INFO - logging_config.py:59 - Initializing Financial Model
2024-12-18 00:59:59,442 - loyalty_model - DEBUG - logging_config.py:63 - Starting financial calculations
2024-12-18 00:59:59,442 - loyalty_model - INFO - logging_config.py:59 - Initial active users calculated: 300.0
2024-12-18 01:00:12,678 - loyalty_model - INFO - logging_config.py:59 - Initializing Financial Model
2024-12-18 01:00:12,679 - loyalty_model - DEBUG - logging_config.py:63 - Starting financial calculations
2024-12-18 01:00:12,679 - loyalty_model - INFO - logging_config.py:59 - Initial active users calculated: 300.0
2024-12-18 01:00:13,030 - loyalty_model - INFO - logging_config.py:59 - Initializing Financial Model
2024-12-18 01:00:13,031 - loyalty_model - DEBUG - logging_config.py:63 - Starting financial calculations
2024-12-18 01:00:13,032 - loyalty_model - INFO - logging_config.py:59 - Initial active users calculated: 300.0
2024-12-18 01:00:36,700 - loyalty_model - INFO - logging_config.py:59 - Initializing Financial Model
2024-12-18 01:00:36,700 - loyalty_model - DEBUG - logging_config.py:63 - Starting financial calculations
2024-12-18 01:00:36,701 - loyalty_model - INFO - logging_config.py:59 - Initial active users calculated: 300.0
2024-12-18 01:00:38,982 - loyalty_model - INFO - logging_config.py:59 - Initializing Financial Model
2024-12-18 01:00:38,983 - loyalty_model - DEBUG - logging_config.py:63 - Starting financial calculations
2024-12-18 01:00:38,983 - loyalty_model - INFO - logging_config.py:59 - Initial active users calculated: 300.0
2024-12-18 01:09:57,044 - loyalty_model - INFO - logging_config.py:59 - Initializing Financial Model
2024-12-18 01:09:57,047 - loyalty_model - DEBUG - logging_config.py:63 - Starting financial calculations
2024-12-18 01:09:57,047 - loyalty_model - INFO - logging_config.py:59 - Initial active users calculated: 300.0
2024-12-18 01:10:11,857 - loyalty_model - INFO - logging_config.py:59 - Initializing Financial Model
2024-12-18 01:10:11,858 - loyalty_model - INFO - logging_config.py:59 - Creating session state backup
2024-12-18 01:10:11,860 - loyalty_model - INFO - logging_config.py:59 - Applied preset pessimistic with values: {'initial_users': 800, 'active_conversion': 0.3, 'growth_rate_y1': 0.15, 'growth_rate_y2': 0.1, 'avg_check': 2500, 'points_usage_rate': 0.6, 'cashback_rate': 0.15, 'expired_points_rate': 0.03, 'exchange_commission_rate': 0.02, 'reward_commission_rate': 0.03, 'burn_rate_fot_1': 2500000, 'burn_rate_fot_2': 3000000, 'base_infra_cost': 250000, 'marketing_efficiency': 150, 'marketing_spend_rate': 0.2, 'ad_revenue_per_user': 15, 'partnership_rate': 0.003}
2024-12-18 01:10:11,860 - loyalty_model - DEBUG - logging_config.py:63 - Starting financial calculations
2024-12-18 01:10:11,860 - loyalty_model - INFO - logging_config.py:59 - Initial active users calculated: 240.0
2024-12-18 01:10:11,861 - loyalty_model - INFO - logging_config.py:59 - Restoring session state from backup
2024-12-18 01:10:11,862 - loyalty_model - INFO - logging_config.py:59 - Creating session state backup
2024-12-18 01:10:11,864 - loyalty_model - INFO - logging_config.py:59 - Applied preset standard with values: {'initial_users': 1000, 'active_conversion': 0.3, 'growth_rate_y1': 0.2, 'growth_rate_y2': 0.15, 'avg_check': 2800, 'points_usage_rate': 0.55, 'cashback_rate': 0.12, 'expired_points_rate': 0.07, 'exchange_commission_rate': 0.03, 'reward_commission_rate': 0.04, 'base_infra_cost': 200000, 'marketing_efficiency': 200, 'marketing_spend_rate': 0.1, 'ad_revenue_per_user': 20, 'partnership_rate': 0.005, 'burn_rate_fot_1': 2500000, 'burn_rate_fot_2': 3500000, 'initial_investment': 10000000, 'marketing_budget_fixed': 200000, 'marketing_budget_rate': 0.05, 'initial_fot': 0}
2024-12-18 01:10:11,864 - loyalty_model - DEBUG - logging_config.py:63 - Starting financial calculations
2024-12-18 01:10:11,864 - loyalty_model - INFO - logging_config.py:59 - Initial active users calculated: 300.0
2024-12-18 01:10:11,865 - loyalty_model - INFO - logging_config.py:59 - Restoring session state from backup
2024-12-18 01:10:11,867 - loyalty_model - INFO - logging_config.py:59 - Creating session state backup
2024-12-18 01:10:11,870 - loyalty_model - INFO - logging_config.py:59 - Applied preset optimistic with values: {'initial_users': 1200, 'active_conversion': 0.45, 'growth_rate_y1': 0.25, 'growth_rate_y2': 0.15, 'avg_check': 3200, 'points_usage_rate': 0.65, 'cashback_rate': 0.17, 'expired_points_rate': 0.07, 'exchange_commission_rate': 0.04, 'reward_commission_rate': 0.06, 'burn_rate_fot_1': 2000000, 'burn_rate_fot_2': 3000000, 'base_infra_cost': 180000, 'marketing_efficiency': 200, 'marketing_spend_rate': 0.05, 'ad_revenue_per_user': 25, 'partnership_rate': 0.007}
2024-12-18 01:10:11,870 - loyalty_model - DEBUG - logging_config.py:63 - Starting financial calculations
2024-12-18 01:10:11,870 - loyalty_model - INFO - logging_config.py:59 - Initial active users calculated: 540.0
2024-12-18 01:10:11,871 - loyalty_model - INFO - logging_config.py:59 - Restoring session state from backup
2024-12-18 01:15:24,410 - loyalty_model - INFO - logging_config.py:59 - Initializing Financial Model
2024-12-18 01:15:24,411 - loyalty_model - DEBUG - logging_config.py:63 - Starting financial calculations
2024-12-18 01:15:24,412 - loyalty_model - INFO - logging_config.py:59 - Initial active users calculated: 300.0
2024-12-18 01:15:25,744 - loyalty_model - INFO - logging_config.py:59 - Initializing Financial Model
2024-12-18 01:15:25,744 - loyalty_model - DEBUG - logging_config.py:63 - Starting financial calculations
2024-12-18 01:15:25,744 - loyalty_model - INFO - logging_config.py:59 - Initial active users calculated: 300.0
2024-12-18 01:17:22,386 - loyalty_model - INFO - logging_config.py:59 - Initializing Financial Model
2024-12-18 01:17:22,387 - loyalty_model - DEBUG - logging_config.py:63 - Starting financial calculations
2024-12-18 01:17:22,387 - loyalty_model - INFO - logging_config.py:59 - Initial active users calculated: 300.0
2024-12-18 01:17:26,877 - loyalty_model - INFO - logging_config.py:59 - Initializing Financial Model
2024-12-18 01:17:26,877 - loyalty_model - DEBUG - logging_config.py:63 - Starting financial calculations
2024-12-18 01:17:26,877 - loyalty_model - INFO - logging_config.py:59 - Initial active users calculated: 300.0
2024-12-18 01:17:26,904 - loyalty_model - INFO - logging_config.py:59 - Initializing Financial Model
2024-12-18 01:17:26,905 - loyalty_model - DEBUG - logging_config.py:63 - Starting financial calculations
2024-12-18 01:17:26,906 - loyalty_model - INFO - logging_config.py:59 - Initial active users calculated: 240.0
2024-12-18 01:17:32,201 - loyalty_model - INFO - logging_config.py:59 - Initializing Financial Model
2024-12-18 01:17:32,202 - loyalty_model - DEBUG - logging_config.py:63 - Starting financial calculations
2024-12-18 01:17:32,202 - loyalty_model - INFO - logging_config.py:59 - Initial active users calculated: 240.0
2024-12-18 01:17:32,233 - loyalty_model - INFO - logging_config.py:59 - Initializing Financial Model
2024-12-18 01:17:32,234 - loyalty_model - DEBUG - logging_config.py:63 - Starting financial calculations
2024-12-18 01:17:32,235 - loyalty_model - INFO - logging_config.py:59 - Initial active users calculated: 540.0
2024-12-18 01:18:01,758 - loyalty_model - INFO - logging_config.py:59 - Initializing Financial Model
2024-12-18 01:18:01,758 - loyalty_model - DEBUG - logging_config.py:63 - Starting financial calculations
2024-12-18 01:18:01,758 - loyalty_model - INFO - logging_config.py:59 - Initial active users calculated: 300.0
2024-12-18 01:18:01,864 - loyalty_model - INFO - logging_config.py:59 - Initializing Financial Model
2024-12-18 01:18:01,866 - loyalty_model - DEBUG - logging_config.py:63 - Starting financial calculations
2024-12-18 01:18:01,877 - loyalty_model - INFO - logging_config.py:59 - Initial active users calculated: 300.0
2024-12-18 01:37:34,847 - loyalty_model - INFO - logging_config.py:59 - Initializing Financial Model
2024-12-18 01:37:34,847 - loyalty_model - DEBUG - logging_config.py:63 - Starting financial calculations
2024-12-18 01:37:34,849 - loyalty_model - INFO - logging_config.py:59 - Initial active users calculated: 300.0
2024-12-18 01:37:35,210 - loyalty_model - INFO - logging_config.py:59 - Initializing Financial Model
2024-12-18 01:37:35,211 - loyalty_model - DEBUG - logging_config.py:63 - Starting financial calculations
2024-12-18 01:37:35,212 - loyalty_model - INFO - logging_config.py:59 - Initial active users calculated: 300.0
2024-12-18 01:38:45,821 - loyalty_model - INFO - logging_config.py:59 - Initializing Financial Model
2024-12-18 01:38:45,822 - loyalty_model - DEBUG - logging_config.py:63 - Starting financial calculations
2024-12-18 01:38:45,822 - loyalty_model - INFO - logging_config.py:59 - Initial active users calculated: 300.0
2024-12-18 01:38:45,955 - loyalty_model - INFO - logging_config.py:59 - Initializing Financial Model
2024-12-18 01:38:45,962 - loyalty_model - DEBUG - logging_config.py:63 - Starting financial calculations
2024-12-18 01:38:45,962 - loyalty_model - INFO - logging_config.py:59 - Initial active users calculated: 300.0
2024-12-18 01:39:23,379 - loyalty_model - INFO - logging_config.py:59 - Initializing Financial Model
2024-12-18 01:39:23,379 - loyalty_model - DEBUG - logging_config.py:63 - Starting financial calculations
2024-12-18 01:39:23,380 - loyalty_model - INFO - logging_config.py:59 - Initial active users calculated: 300.0
2024-12-18 01:42:10,797 - loyalty_model - INFO - logging_config.py:59 - Initializing Financial Model
2024-12-18 01:42:10,798 - loyalty_model - DEBUG - logging_config.py:63 - Starting financial calculations
2024-12-18 01:42:10,798 - loyalty_model - INFO - logging_config.py:59 - Initial active users calculated: 300.0
2024-12-18 01:42:10,913 - loyalty_model - INFO - logging_config.py:59 - Initializing Financial Model
2024-12-18 01:42:10,944 - loyalty_model - DEBUG - logging_config.py:63 - Starting financial calculations
2024-12-18 01:42:10,946 - loyalty_model - INFO - logging_config.py:59 - Initial active users calculated: 300.0
2024-12-18 01:48:14,101 - loyalty_model - INFO - logging_config.py:59 - Initializing Financial Model
2024-12-18 01:48:14,102 - loyalty_model - DEBUG - logging_config.py:63 - Starting financial calculations
2024-12-18 01:48:14,102 - loyalty_model - INFO - logging_config.py:59 - Initial active users calculated: 300.0
2024-12-18 01:48:14,519 - loyalty_model - INFO - logging_config.py:59 - Initializing Financial Model
2024-12-18 01:48:14,520 - loyalty_model - DEBUG - logging_config.py:63 - Starting financial calculations
2024-12-18 01:48:14,520 - loyalty_model - INFO - logging_config.py:59 - Initial active users calculated: 300.0
2024-12-18 01:48:50,499 - loyalty_model - INFO - logging_config.py:59 - Initializing Financial Model
2024-12-18 01:48:50,502 - loyalty_model - INFO - logging_config.py:59 - Creating session state backup
2024-12-18 01:48:50,505 - loyalty_model - INFO - logging_config.py:59 - Applied preset pessimistic with values: {'initial_users': 800, 'active_conversion': 0.3, 'growth_rate_y1': 0.15, 'growth_rate_y2': 0.1, 'avg_check': 2500, 'points_usage_rate': 0.6, 'cashback_rate': 0.15, 'expired_points_rate': 0.03, 'exchange_commission_rate': 0.02, 'reward_commission_rate': 0.03, 'burn_rate_fot_1': 2500000, 'burn_rate_fot_2': 3000000, 'base_infra_cost': 250000, 'marketing_efficiency': 150, 'marketing_spend_rate': 0.2, 'ad_revenue_per_user': 15, 'partnership_rate': 0.003}
2024-12-18 01:48:50,505 - loyalty_model - DEBUG - logging_config.py:63 - Starting financial calculations
2024-12-18 01:48:50,506 - loyalty_model - INFO - logging_config.py:59 - Initial active users calculated: 240.0
2024-12-18 01:48:50,507 - loyalty_model - INFO - logging_config.py:59 - Restoring session state from backup
2024-12-18 01:48:50,512 - loyalty_model - INFO - logging_config.py:59 - Creating session state backup
2024-12-18 01:48:50,517 - loyalty_model - INFO - logging_config.py:59 - Applied preset standard with values: {'initial_users': 1000, 'active_conversion': 0.3, 'claim_period_months': 2, 'growth_rate_y1': 0.2, 'growth_rate_y2': 0.15, 'avg_check': 2800, 'points_usage_rate': 0.55, 'cashback_rate': 0.12, 'expired_points_rate': 0.07, 'exchange_commission_rate': 0.03, 'reward_commission_rate': 0.04, 'base_infra_cost': 200000, 'marketing_efficiency': 200, 'marketing_spend_rate': 0.1, 'ad_revenue_per_user': 20, 'partnership_rate': 0.005, 'burn_rate_fot_1': 2500000, 'burn_rate_fot_2': 3500000, 'initial_investment': 10000000, 'marketing_budget_fixed': 200000, 'marketing_budget_rate': 0.05, 'initial_fot': 0}
2024-12-18 01:48:50,517 - loyalty_model - DEBUG - logging_config.py:63 - Starting financial calculations
2024-12-18 01:48:50,518 - loyalty_model - INFO - logging_config.py:59 - Initial active users calculated: 300.0
2024-12-18 01:48:50,520 - loyalty_model - INFO - logging_config.py:59 - Restoring session state from backup
2024-12-18 01:48:50,523 - loyalty_model - INFO - logging_config.py:59 - Creating session state backup
2024-12-18 01:48:50,525 - loyalty_model - INFO - logging_config.py:59 - Applied preset optimistic with values: {'initial_users': 1200, 'active_conversion': 0.45, 'growth_rate_y1': 0.25, 'growth_rate_y2': 0.15, 'avg_check': 3200, 'points_usage_rate': 0.65, 'cashback_rate': 0.17, 'expired_points_rate': 0.07, 'exchange_commission_rate': 0.04, 'reward_commission_rate': 0.06, 'burn_rate_fot_1': 2000000, 'burn_rate_fot_2': 3000000, 'base_infra_cost': 180000, 'marketing_efficiency': 200, 'marketing_spend_rate': 0.05, 'ad_revenue_per_user': 25, 'partnership_rate': 0.007}
2024-12-18 01:48:50,526 - loyalty_model - DEBUG - logging_config.py:63 - Starting financial calculations
2024-12-18 01:48:50,526 - loyalty_model - INFO - logging_config.py:59 - Initial active users calculated: 540.0
2024-12-18 01:48:50,529 - loyalty_model - INFO - logging_config.py:59 - Restoring session state from backup
2024-12-18 01:48:51,873 - loyalty_model - INFO - logging_config.py:59 - Initializing Financial Model
2024-12-18 01:48:51,874 - loyalty_model - DEBUG - logging_config.py:63 - Starting financial calculations
2024-12-18 01:48:51,875 - loyalty_model - INFO - logging_config.py:59 - Initial active users calculated: 300.0
2024-12-18 01:49:20,777 - loyalty_model - INFO - logging_config.py:59 - Initializing Financial Model
2024-12-18 01:49:20,778 - loyalty_model - DEBUG - logging_config.py:63 - Starting financial calculations
2024-12-18 01:49:20,780 - loyalty_model - INFO - logging_config.py:59 - Initial active users calculated: 300.0
2024-12-18 01:49:45,085 - loyalty_model - INFO - logging_config.py:59 - Initializing Financial Model
2024-12-18 01:49:45,085 - loyalty_model - DEBUG - logging_config.py:63 - Starting financial calculations
2024-12-18 01:49:45,085 - loyalty_model - INFO - logging_config.py:59 - Initial active users calculated: 300.0
2024-12-18 01:51:02,560 - loyalty_model - INFO - logging_config.py:59 - Initializing Financial Model
2024-12-18 01:51:02,560 - loyalty_model - DEBUG - logging_config.py:63 - Starting financial calculations
2024-12-18 01:51:02,561 - loyalty_model - INFO - logging_config.py:59 - Initial active users calculated: 300.0
2024-12-18 01:51:03,619 - loyalty_model - INFO - logging_config.py:59 - Initializing Financial Model
2024-12-18 01:51:03,620 - loyalty_model - DEBUG - logging_config.py:63 - Starting financial calculations
2024-12-18 01:51:03,621 - loyalty_model - INFO - logging_config.py:59 - Initial active users calculated: 300.0
2024-12-18 01:51:30,389 - loyalty_model - INFO - logging_config.py:59 - Initializing Financial Model
2024-12-18 01:51:30,389 - loyalty_model - DEBUG - logging_config.py:63 - Starting financial calculations
2024-12-18 01:51:30,390 - loyalty_model - INFO - logging_config.py:59 - Initial active users calculated: 300.0
2024-12-18 01:51:37,919 - loyalty_model - INFO - logging_config.py:59 - Initializing Financial Model
2024-12-18 01:51:37,919 - loyalty_model - DEBUG - logging_config.py:63 - Starting financial calculations
2024-12-18 01:51:37,919 - loyalty_model - INFO - logging_config.py:59 - Initial active users calculated: 300.0
2024-12-18 01:52:11,959 - loyalty_model - INFO - logging_config.py:59 - Initializing Financial Model
2024-12-18 01:52:11,959 - loyalty_model - DEBUG - logging_config.py:63 - Starting financial calculations
2024-12-18 01:52:11,960 - loyalty_model - INFO - logging_config.py:59 - Initial active users calculated: 300.0
2024-12-18 01:52:26,752 - loyalty_model - INFO - logging_config.py:59 - Initializing Financial Model
2024-12-18 01:52:26,753 - loyalty_model - DEBUG - logging_config.py:63 - Starting financial calculations
2024-12-18 01:52:26,753 - loyalty_model - INFO - logging_config.py:59 - Initial active users calculated: 300.0
2024-12-18 01:52:26,780 - loyalty_model - INFO - logging_config.py:59 - Initializing Financial Model
2024-12-18 01:52:26,781 - loyalty_model - DEBUG - logging_config.py:63 - Starting financial calculations
2024-12-18 01:52:26,781 - loyalty_model - INFO - logging_config.py:59 - Initial active users calculated: 240.0
2024-12-18 01:52:29,148 - loyalty_model - INFO - logging_config.py:59 - Initializing Financial Model
2024-12-18 01:52:29,149 - loyalty_model - DEBUG - logging_config.py:63 - Starting financial calculations
2024-12-18 01:52:29,150 - loyalty_model - INFO - logging_config.py:59 - Initial active users calculated: 240.0
2024-12-18 01:52:29,175 - loyalty_model - INFO - logging_config.py:59 - Initializing Financial Model
2024-12-18 01:52:29,176 - loyalty_model - DEBUG - logging_config.py:63 - Starting financial calculations
2024-12-18 01:52:29,176 - loyalty_model - INFO - logging_config.py:59 - Initial active users calculated: 300.0
2024-12-18 01:52:51,590 - loyalty_model - INFO - logging_config.py:59 - Initializing Financial Model
2024-12-18 01:52:51,591 - loyalty_model - DEBUG - logging_config.py:63 - Starting financial calculations
2024-12-18 01:52:51,592 - loyalty_model - INFO - logging_config.py:59 - Initial active users calculated: 300.0
2024-12-18 01:52:56,244 - loyalty_model - INFO - logging_config.py:59 - Initializing Financial Model
2024-12-18 01:52:56,246 - loyalty_model - DEBUG - logging_config.py:63 - Starting financial calculations
2024-12-18 01:52:56,246 - loyalty_model - INFO - logging_config.py:59 - Initial active users calculated: 300.0
2024-12-18 01:52:56,275 - loyalty_model - INFO - logging_config.py:59 - Initializing Financial Model
2024-12-18 01:52:56,276 - loyalty_model - DEBUG - logging_config.py:63 - Starting financial calculations
2024-12-18 01:52:56,277 - loyalty_model - INFO - logging_config.py:59 - Initial active users calculated: 240.0
2024-12-18 01:52:58,242 - loyalty_model - INFO - logging_config.py:59 - Initializing Financial Model
2024-12-18 01:52:58,242 - loyalty_model - DEBUG - logging_config.py:63 - Starting financial calculations
2024-12-18 01:52:58,242 - loyalty_model - INFO - logging_config.py:59 - Initial active users calculated: 240.0
2024-12-18 01:52:58,274 - loyalty_model - INFO - logging_config.py:59 - Initializing Financial Model
2024-12-18 01:52:58,275 - loyalty_model - DEBUG - logging_config.py:63 - Starting financial calculations
2024-12-18 01:52:58,275 - loyalty_model - INFO - logging_config.py:59 - Initial active users calculated: 300.0
2024-12-18 01:54:35,513 - loyalty_model - INFO - logging_config.py:59 - Initializing Financial Model
2024-12-18 01:54:35,514 - loyalty_model - DEBUG - logging_config.py:63 - Starting financial calculations
2024-12-18 01:54:35,515 - loyalty_model - INFO - logging_config.py:59 - Initial active users calculated: 300.0
2024-12-18 01:54:37,552 - loyalty_model - INFO - logging_config.py:59 - Initializing Financial Model
2024-12-18 01:54:37,553 - loyalty_model - DEBUG - logging_config.py:63 - Starting financial calculations
2024-12-18 01:54:37,553 - loyalty_model - INFO - logging_config.py:59 - Initial active users calculated: 300.0
2024-12-18 01:55:05,967 - loyalty_model - INFO - logging_config.py:59 - Initializing Financial Model
2024-12-18 01:55:05,968 - loyalty_model - DEBUG - logging_config.py:63 - Starting financial calculations
2024-12-18 01:55:05,968 - loyalty_model - INFO - logging_config.py:59 - Initial active users calculated: 300.0
2024-12-18 01:55:09,768 - loyalty_model - INFO - logging_config.py:59 - Initializing Financial Model
2024-12-18 01:55:09,768 - loyalty_model - DEBUG - logging_config.py:63 - Starting financial calculations
2024-12-18 01:55:09,769 - loyalty_model - INFO - logging_config.py:59 - Initial active users calculated: 300.0
2024-12-18 01:55:09,799 - loyalty_model - INFO - logging_config.py:59 - Initializing Financial Model
2024-12-18 01:55:09,800 - loyalty_model - DEBUG - logging_config.py:63 - Starting financial calculations
2024-12-18 01:55:09,800 - loyalty_model - INFO - logging_config.py:59 - Initial active users calculated: 240.0
2024-12-18 01:55:12,682 - loyalty_model - INFO - logging_config.py:59 - Initializing Financial Model
2024-12-18 01:55:12,683 - loyalty_model - DEBUG - logging_config.py:63 - Starting financial calculations
2024-12-18 01:55:12,683 - loyalty_model - INFO - logging_config.py:59 - Initial active users calculated: 240.0
2024-12-18 01:55:12,713 - loyalty_model - INFO - logging_config.py:59 - Initializing Financial Model
2024-12-18 01:55:12,714 - loyalty_model - DEBUG - logging_config.py:63 - Starting financial calculations
2024-12-18 01:55:12,714 - loyalty_model - INFO - logging_config.py:59 - Initial active users calculated: 300.0
2024-12-18 01:55:28,502 - loyalty_model - INFO - logging_config.py:59 - Initializing Financial Model
2024-12-18 01:55:28,502 - loyalty_model - DEBUG - logging_config.py:63 - Starting financial calculations
2024-12-18 01:55:28,503 - loyalty_model - INFO - logging_config.py:59 - Initial active users calculated: 300.0
2024-12-18 01:56:13,516 - loyalty_model - INFO - logging_config.py:59 - Initializing Financial Model
2024-12-18 01:56:13,517 - loyalty_model - DEBUG - logging_config.py:63 - Starting financial calculations
2024-12-18 01:56:13,517 - loyalty_model - INFO - logging_config.py:59 - Initial active users calculated: 300.0
2024-12-18 01:56:35,910 - loyalty_model - INFO - logging_config.py:59 - Initializing Financial Model
2024-12-18 01:56:35,911 - loyalty_model - DEBUG - logging_config.py:63 - Starting financial calculations
2024-12-18 01:56:35,911 - loyalty_model - INFO - logging_config.py:59 - Initial active users calculated: 300.0
2024-12-18 01:56:38,680 - loyalty_model - INFO - logging_config.py:59 - Initializing Financial Model
2024-12-18 01:56:38,681 - loyalty_model - DEBUG - logging_config.py:63 - Starting financial calculations
2024-12-18 01:56:38,682 - loyalty_model - INFO - logging_config.py:59 - Initial active users calculated: 300.0
2024-12-18 01:56:38,708 - loyalty_model - INFO - logging_config.py:59 - Initializing Financial Model
2024-12-18 01:56:38,708 - loyalty_model - DEBUG - logging_config.py:63 - Starting financial calculations
2024-12-18 01:56:38,709 - loyalty_model - INFO - logging_config.py:59 - Initial active users calculated: 240.0
2024-12-18 01:56:40,523 - loyalty_model - INFO - logging_config.py:59 - Initializing Financial Model
2024-12-18 01:56:40,524 - loyalty_model - DEBUG - logging_config.py:63 - Starting financial calculations
2024-12-18 01:56:40,525 - loyalty_model - INFO - logging_config.py:59 - Initial active users calculated: 240.0
2024-12-18 01:56:40,572 - loyalty_model - INFO - logging_config.py:59 - Initializing Financial Model
2024-12-18 01:56:40,573 - loyalty_model - DEBUG - logging_config.py:63 - Starting financial calculations
2024-12-18 01:56:40,573 - loyalty_model - INFO - logging_config.py:59 - Initial active users calculated: 300.0
2024-12-18 01:57:05,678 - loyalty_model - INFO - logging_config.py:59 - Initializing Financial Model
2024-12-18 01:57:05,679 - loyalty_model - DEBUG - logging_config.py:63 - Starting financial calculations
2024-12-18 01:57:05,679 - loyalty_model - INFO - logging_config.py:59 - Initial active users calculated: 300.0
2024-12-18 01:57:08,007 - loyalty_model - INFO - logging_config.py:59 - Initializing Financial Model
2024-12-18 01:57:08,008 - loyalty_model - DEBUG - logging_config.py:63 - Starting financial calculations
2024-12-18 01:57:08,009 - loyalty_model - INFO - logging_config.py:59 - Initial active users calculated: 300.0
2024-12-18 01:57:08,035 - loyalty_model - INFO - logging_config.py:59 - Initializing Financial Model
2024-12-18 01:57:08,035 - loyalty_model - DEBUG - logging_config.py:63 - Starting financial calculations
2024-12-18 01:57:08,035 - loyalty_model - INFO - logging_config.py:59 - Initial active users calculated: 240.0
2024-12-18 01:57:09,357 - loyalty_model - INFO - logging_config.py:59 - Initializing Financial Model
2024-12-18 01:57:09,358 - loyalty_model - DEBUG - logging_config.py:63 - Starting financial calculations
2024-12-18 01:57:09,358 - loyalty_model - INFO - logging_config.py:59 - Initial active users calculated: 240.0
2024-12-18 01:57:09,384 - loyalty_model - INFO - logging_config.py:59 - Initializing Financial Model
2024-12-18 01:57:09,384 - loyalty_model - DEBUG - logging_config.py:63 - Starting financial calculations
2024-12-18 01:57:09,385 - loyalty_model - INFO - logging_config.py:59 - Initial active users calculated: 300.0
2024-12-18 01:57:30,768 - loyalty_model - INFO - logging_config.py:59 - Initializing Financial Model
2024-12-18 01:57:30,768 - loyalty_model - DEBUG - logging_config.py:63 - Starting financial calculations
2024-12-18 01:57:30,769 - loyalty_model - INFO - logging_config.py:59 - Initial active users calculated: 300.0
2024-12-18 02:00:45,066 - loyalty_model - INFO - logging_config.py:59 - Initializing Financial Model
2024-12-18 02:00:45,066 - loyalty_model - DEBUG - logging_config.py:63 - Starting financial calculations
2024-12-18 02:00:45,066 - loyalty_model - INFO - logging_config.py:59 - Initial active users calculated: 300.0
2024-12-18 02:00:45,462 - loyalty_model - INFO - logging_config.py:59 - Initializing Financial Model
2024-12-18 02:00:45,462 - loyalty_model - DEBUG - logging_config.py:63 - Starting financial calculations
2024-12-18 02:00:45,463 - loyalty_model - INFO - logging_config.py:59 - Initial active users calculated: 300.0
2024-12-18 02:04:00,545 - loyalty_model - INFO - logging_config.py:59 - Initializing Financial Model
2024-12-18 02:04:00,545 - loyalty_model - DEBUG - logging_config.py:63 - Starting financial calculations
2024-12-18 02:04:00,546 - loyalty_model - INFO - logging_config.py:59 - Initial active users calculated: 300.0
2024-12-18 02:04:00,608 - loyalty_model - INFO - logging_config.py:59 - Initializing Financial Model
2024-12-18 02:04:00,611 - loyalty_model - DEBUG - logging_config.py:63 - Starting financial calculations
2024-12-18 02:04:00,611 - loyalty_model - INFO - logging_config.py:59 - Initial active users calculated: 300.0
2024-12-18 02:06:02,041 - loyalty_model - INFO - logging_config.py:59 - Initializing Financial Model
2024-12-18 02:06:02,043 - loyalty_model - DEBUG - logging_config.py:63 - Starting financial calculations
2024-12-18 02:06:02,043 - loyalty_model - INFO - logging_config.py:59 - Initial active users calculated: 300.0
2024-12-18 02:06:02,336 - loyalty_model - INFO - logging_config.py:59 - Initializing Financial Model
2024-12-18 02:06:02,336 - loyalty_model - DEBUG - logging_config.py:63 - Starting financial calculations
2024-12-18 02:06:02,337 - loyalty_model - INFO - logging_config.py:59 - Initial active users calculated: 300.0
2024-12-18 02:16:30,179 - loyalty_model - INFO - logging_config.py:59 - Initializing Financial Model
2024-12-18 02:16:30,183 - loyalty_model - DEBUG - logging_config.py:63 - Starting financial calculations
2024-12-18 02:16:30,183 - loyalty_model - INFO - logging_config.py:59 - Initial active users calculated: 300.0
2024-12-18 02:16:30,229 - loyalty_model - INFO - logging_config.py:59 - Initializing Financial Model
2024-12-18 02:16:30,229 - loyalty_model - DEBUG - logging_config.py:63 - Starting financial calculations
2024-12-18 02:16:30,230 - loyalty_model - INFO - logging_config.py:59 - Initial active users calculated: 300.0
2024-12-18 02:17:55,408 - loyalty_model - INFO - logging_config.py:59 - Initializing Financial Model
2024-12-18 02:17:55,408 - loyalty_model - DEBUG - logging_config.py:63 - Starting financial calculations
2024-12-18 02:17:55,408 - loyalty_model - INFO - logging_config.py:59 - Initial active users calculated: 300.0
2024-12-18 02:18:55,742 - loyalty_model - INFO - logging_config.py:59 - Initializing Financial Model
2024-12-18 02:18:55,742 - loyalty_model - DEBUG - logging_config.py:63 - Starting financial calculations
2024-12-18 02:18:55,743 - loyalty_model - INFO - logging_config.py:59 - Initial active users calculated: 300.0
2024-12-18 02:19:59,889 - loyalty_model - INFO - logging_config.py:59 - Initializing Financial Model
2024-12-18 02:19:59,891 - loyalty_model - DEBUG - logging_config.py:63 - Starting financial calculations
2024-12-18 02:19:59,891 - loyalty_model - INFO - logging_config.py:59 - Initial active users calculated: 300.0
2024-12-18 02:20:18,056 - loyalty_model - INFO - logging_config.py:59 - Initializing Financial Model
2024-12-18 02:20:18,059 - loyalty_model - DEBUG - logging_config.py:63 - Starting financial calculations
2024-12-18 02:20:18,061 - loyalty_model - INFO - logging_config.py:59 - Initial active users calculated: 300.0
2024-12-18 02:20:18,299 - loyalty_model - INFO - logging_config.py:59 - Initializing Financial Model
2024-12-18 02:20:18,300 - loyalty_model - DEBUG - logging_config.py:63 - Starting financial calculations
2024-12-18 02:20:18,301 - loyalty_model - INFO - logging_config.py:59 - Initial active users calculated: 300.0
2024-12-18 02:21:24,990 - loyalty_model - INFO - logging_config.py:59 - Initializing Financial Model
2024-12-18 02:21:24,991 - loyalty_model - DEBUG - logging_config.py:63 - Starting financial calculations
2024-12-18 02:21:24,991 - loyalty_model - INFO - logging_config.py:59 - Initial active users calculated: 300.0
2024-12-18 02:21:25,113 - loyalty_model - INFO - logging_config.py:59 - Initializing Financial Model
2024-12-18 02:21:25,114 - loyalty_model - DEBUG - logging_config.py:63 - Starting financial calculations
2024-12-18 02:21:25,138 - loyalty_model - INFO - logging_config.py:59 - Initial active users calculated: 300.0
2024-12-18 02:22:17,255 - loyalty_model - INFO - logging_config.py:59 - Initializing Financial Model
2024-12-18 02:22:17,257 - loyalty_model - DEBUG - logging_config.py:63 - Starting financial calculations
2024-12-18 02:22:17,258 - loyalty_model - INFO - logging_config.py:59 - Initial active users calculated: 300.0
2024-12-18 02:22:17,637 - loyalty_model - INFO - logging_config.py:59 - Initializing Financial Model
2024-12-18 02:22:17,638 - loyalty_model - DEBUG - logging_config.py:63 - Starting financial calculations
2024-12-18 02:22:17,639 - loyalty_model - INFO - logging_config.py:59 - Initial active users calculated: 300.0
2024-12-18 02:22:28,438 - loyalty_model - INFO - logging_config.py:59 - Initializing Financial Model
2024-12-18 02:22:28,438 - loyalty_model - DEBUG - logging_config.py:63 - Starting financial calculations
2024-12-18 02:22:28,439 - loyalty_model - INFO - logging_config.py:59 - Initial active users calculated: 300.0
2024-12-18 02:22:28,468 - loyalty_model - INFO - logging_config.py:59 - Initializing Financial Model
2024-12-18 02:22:28,470 - loyalty_model - DEBUG - logging_config.py:63 - Starting financial calculations
2024-12-18 02:22:28,470 - loyalty_model - INFO - logging_config.py:59 - Initial active users calculated: 240.0
2024-12-18 02:22:40,674 - loyalty_model - INFO - logging_config.py:59 - Initializing Financial Model
2024-12-18 02:22:40,676 - loyalty_model - DEBUG - logging_config.py:63 - Starting financial calculations
2024-12-18 02:22:40,677 - loyalty_model - INFO - logging_config.py:59 - Initial active users calculated: 240.0
2024-12-18 02:22:40,725 - loyalty_model - INFO - logging_config.py:59 - Initializing Financial Model
2024-12-18 02:22:40,727 - loyalty_model - DEBUG - logging_config.py:63 - Starting financial calculations
2024-12-18 02:22:40,727 - loyalty_model - INFO - logging_config.py:59 - Initial active users calculated: 300.0
2024-12-18 02:23:07,022 - loyalty_model - INFO - logging_config.py:59 - Initializing Financial Model
2024-12-18 02:23:07,029 - loyalty_model - DEBUG - logging_config.py:63 - Starting financial calculations
2024-12-18 02:23:07,035 - loyalty_model - INFO - logging_config.py:59 - Initial active users calculated: 300.0
2024-12-18 02:24:49,165 - loyalty_model - INFO - logging_config.py:59 - Initializing Financial Model
2024-12-18 02:24:49,166 - loyalty_model - DEBUG - logging_config.py:63 - Starting financial calculations
2024-12-18 02:24:49,166 - loyalty_model - INFO - logging_config.py:59 - Initial active users calculated: 300.0
2024-12-18 02:24:57,858 - loyalty_model - INFO - logging_config.py:59 - Initializing Financial Model
2024-12-18 02:24:57,858 - loyalty_model - DEBUG - logging_config.py:63 - Starting financial calculations
2024-12-18 02:24:57,858 - loyalty_model - INFO - logging_config.py:59 - Initial active users calculated: 300.0
2024-12-18 02:24:58,189 - loyalty_model - INFO - logging_config.py:59 - Initializing Financial Model
2024-12-18 02:24:58,189 - loyalty_model - DEBUG - logging_config.py:63 - Starting financial calculations
2024-12-18 02:24:58,190 - loyalty_model - INFO - logging_config.py:59 - Initial active users calculated: 300.0
2024-12-18 02:28:18,844 - loyalty_model - INFO - logging_config.py:59 - Initializing Financial Model
2024-12-18 02:28:18,846 - loyalty_model - DEBUG - logging_config.py:63 - Starting financial calculations
2024-12-18 02:28:18,846 - loyalty_model - INFO - logging_config.py:59 - Initial active users calculated: 300.0
2024-12-18 02:28:18,860 - loyalty_model - INFO - logging_config.py:59 - Initializing Financial Model
2024-12-18 02:28:18,863 - loyalty_model - DEBUG - logging_config.py:63 - Starting financial calculations
2024-12-18 02:28:18,864 - loyalty_model - INFO - logging_config.py:59 - Initial active users calculated: 300.0
2024-12-18 02:29:24,514 - loyalty_model - INFO - logging_config.py:59 - Initializing Financial Model
2024-12-18 02:29:24,519 - loyalty_model - DEBUG - logging_config.py:63 - Starting financial calculations
2024-12-18 02:29:24,519 - loyalty_model - INFO - logging_config.py:59 - Initial active users calculated: 300.0
2024-12-18 02:31:34,646 - loyalty_model - INFO - logging_config.py:59 - Initializing Financial Model
2024-12-18 02:31:34,646 - loyalty_model - DEBUG - logging_config.py:63 - Starting financial calculations
2024-12-18 02:31:34,646 - loyalty_model - INFO - logging_config.py:59 - Initial active users calculated: 300.0
2024-12-18 02:33:23,691 - loyalty_model - INFO - logging_config.py:59 - Initializing Financial Model
2024-12-18 02:33:23,692 - loyalty_model - INFO - logging_config.py:59 - Creating session state backup
2024-12-18 02:33:23,696 - loyalty_model - INFO - logging_config.py:59 - Applied preset pessimistic with values: {'initial_users': 800, 'active_conversion': 0.3, 'growth_rate_y1': 0.15, 'growth_rate_y2': 0.1, 'avg_check': 2500, 'points_usage_rate': 0.6, 'cashback_rate': 0.15, 'expired_points_rate': 0.03, 'exchange_commission_rate': 0.02, 'reward_commission_rate': 0.03, 'burn_rate_fot_1': 2500000, 'burn_rate_fot_2': 3000000, 'base_infra_cost': 250000, 'marketing_efficiency': 150, 'marketing_spend_rate': 0.2, 'ad_revenue_per_user': 15, 'partnership_rate': 0.003}
2024-12-18 02:33:23,696 - loyalty_model - DEBUG - logging_config.py:63 - Starting financial calculations
2024-12-18 02:33:23,696 - loyalty_model - INFO - logging_config.py:59 - Initial active users calculated: 240.0
2024-12-18 02:33:23,698 - loyalty_model - INFO - logging_config.py:59 - Restoring session state from backup
2024-12-18 02:33:23,702 - loyalty_model - INFO - logging_config.py:59 - Creating session state backup
2024-12-18 02:33:23,705 - loyalty_model - INFO - logging_config.py:59 - Applied preset standard with values: {'initial_users': 1000, 'active_conversion': 0.3, 'claim_period_months': 2, 'growth_rate_y1': 0.2, 'growth_rate_y2': 0.15, 'avg_check': 2800, 'points_usage_rate': 0.55, 'cashback_rate': 0.12, 'expired_points_rate': 0.07, 'exchange_commission_rate': 0.03, 'reward_commission_rate': 0.04, 'base_infra_cost': 200000, 'marketing_efficiency': 200, 'marketing_spend_rate': 0.1, 'ad_revenue_per_user': 20, 'partnership_rate': 0.005, 'burn_rate_fot_1': 2500000, 'burn_rate_fot_2': 3500000, 'initial_investment': 10000000, 'marketing_budget_fixed': 200000, 'marketing_budget_rate': 0.05, 'initial_fot': 0}
2024-12-18 02:33:23,705 - loyalty_model - DEBUG - logging_config.py:63 - Starting financial calculations
2024-12-18 02:33:23,706 - loyalty_model - INFO - logging_config.py:59 - Initial active users calculated: 300.0
2024-12-18 02:33:23,707 - loyalty_model - INFO - logging_config.py:59 - Restoring session state from backup
2024-12-18 02:33:23,708 - loyalty_model - INFO - logging_config.py:59 - Creating session state backup
2024-12-18 02:33:23,710 - loyalty_model - INFO - logging_config.py:59 - Applied preset optimistic with values: {'initial_users': 1200, 'active_conversion': 0.45, 'growth_rate_y1': 0.25, 'growth_rate_y2': 0.15, 'avg_check': 3200, 'points_usage_rate': 0.65, 'cashback_rate': 0.17, 'expired_points_rate': 0.07, 'exchange_commission_rate': 0.04, 'reward_commission_rate': 0.06, 'burn_rate_fot_1': 2000000, 'burn_rate_fot_2': 3000000, 'base_infra_cost': 180000, 'marketing_efficiency': 200, 'marketing_spend_rate': 0.05, 'ad_revenue_per_user': 25, 'partnership_rate': 0.007}
2024-12-18 02:33:23,710 - loyalty_model - DEBUG - logging_config.py:63 - Starting financial calculations
2024-12-18 02:33:23,710 - loyalty_model - INFO - logging_config.py:59 - Initial active users calculated: 540.0
2024-12-18 02:33:23,712 - loyalty_model - INFO - logging_config.py:59 - Restoring session state from backup
2024-12-18 02:35:47,162 - loyalty_model - INFO - logging_config.py:59 - Initializing Financial Model
2024-12-18 02:35:47,163 - loyalty_model - DEBUG - logging_config.py:63 - Starting financial calculations
2024-12-18 02:35:47,164 - loyalty_model - INFO - logging_config.py:59 - Initial active users calculated: 300.0
2024-12-18 02:36:39,980 - loyalty_model - INFO - logging_config.py:59 - Initializing Financial Model
2024-12-18 02:36:39,981 - loyalty_model - DEBUG - logging_config.py:63 - Starting financial calculations
2024-12-18 02:36:39,981 - loyalty_model - INFO - logging_config.py:59 - Initial active users calculated: 300.0
2024-12-18 02:39:58,089 - loyalty_model - INFO - logging_config.py:59 - Initializing Financial Model
2024-12-18 02:39:58,089 - loyalty_model - DEBUG - logging_config.py:63 - Starting financial calculations
2024-12-18 02:39:58,090 - loyalty_model - INFO - logging_config.py:59 - Initial active users calculated: 300.0
2024-12-18 02:39:58,162 - loyalty_model - INFO - logging_config.py:59 - Initializing Financial Model
2024-12-18 02:39:58,164 - loyalty_model - DEBUG - logging_config.py:63 - Starting financial calculations
2024-12-18 02:39:58,165 - loyalty_model - INFO - logging_config.py:59 - Initial active users calculated: 300.0
2024-12-18 02:40:08,862 - loyalty_model - INFO - logging_config.py:59 - Initializing Financial Model
2024-12-18 02:40:08,862 - loyalty_model - DEBUG - logging_config.py:63 - Starting financial calculations
2024-12-18 02:40:08,863 - loyalty_model - INFO - logging_config.py:59 - Initial active users calculated: 300.0
2024-12-18 02:40:11,055 - loyalty_model - INFO - logging_config.py:59 - Initializing Financial Model
2024-12-18 02:40:11,055 - loyalty_model - DEBUG - logging_config.py:63 - Starting financial calculations
2024-12-18 02:40:11,055 - loyalty_model - INFO - logging_config.py:59 - Initial active users calculated: 300.0
2024-12-18 02:40:17,997 - loyalty_model - INFO - logging_config.py:59 - Initializing Financial Model
2024-12-18 02:40:17,997 - loyalty_model - DEBUG - logging_config.py:63 - Starting financial calculations
2024-12-18 02:40:17,998 - loyalty_model - INFO - logging_config.py:59 - Initial active users calculated: 300.0
2024-12-18 02:40:49,819 - loyalty_model - INFO - logging_config.py:59 - Initializing Financial Model
2024-12-18 02:40:49,821 - loyalty_model - DEBUG - logging_config.py:63 - Starting financial calculations
2024-12-18 02:40:49,822 - loyalty_model - INFO - logging_config.py:59 - Initial active users calculated: 300.0
2024-12-18 02:40:50,333 - loyalty_model - INFO - logging_config.py:59 - Initializing Financial Model
2024-12-18 02:40:50,334 - loyalty_model - DEBUG - logging_config.py:63 - Starting financial calculations
2024-12-18 02:40:50,335 - loyalty_model - INFO - logging_config.py:59 - Initial active users calculated: 300.0
2024-12-18 02:40:52,401 - loyalty_model - INFO - logging_config.py:59 - Initializing Financial Model
2024-12-18 02:40:52,404 - loyalty_model - DEBUG - logging_config.py:63 - Starting financial calculations
2024-12-18 02:40:52,404 - loyalty_model - INFO - logging_config.py:59 - Initial active users calculated: 300.0
2024-12-18 02:40:53,066 - loyalty_model - INFO - logging_config.py:59 - Initializing Financial Model
2024-12-18 02:40:53,068 - loyalty_model - DEBUG - logging_config.py:63 - Starting financial calculations
2024-12-18 02:40:53,070 - loyalty_model - INFO - logging_config.py:59 - Initial active users calculated: 300.0
2024-12-18 02:40:54,061 - loyalty_model - INFO - logging_config.py:59 - Initializing Financial Model
2024-12-18 02:40:54,063 - loyalty_model - DEBUG - logging_config.py:63 - Starting financial calculations
2024-12-18 02:40:54,073 - loyalty_model - INFO - logging_config.py:59 - Initial active users calculated: 300.0
2024-12-18 02:41:58,220 - loyalty_model - INFO - logging_config.py:59 - Initializing Financial Model
2024-12-18 02:41:58,220 - loyalty_model - DEBUG - logging_config.py:63 - Starting financial calculations
2024-12-18 02:41:58,220 - loyalty_model - INFO - logging_config.py:59 - Initial active users calculated: 300.0
2024-12-18 02:42:10,643 - loyalty_model - INFO - logging_config.py:59 - Initializing Financial Model
2024-12-18 02:42:10,644 - loyalty_model - DEBUG - logging_config.py:63 - Starting financial calculations
2024-12-18 02:42:10,644 - loyalty_model - INFO - logging_config.py:59 - Initial active users calculated: 300.0
2024-12-18 02:42:10,677 - loyalty_model - INFO - logging_config.py:59 - Initializing Financial Model
2024-12-18 02:42:10,678 - loyalty_model - DEBUG - logging_config.py:63 - Starting financial calculations
2024-12-18 02:42:10,679 - loyalty_model - INFO - logging_config.py:59 - Initial active users calculated: 540.0
2024-12-18 02:43:04,804 - loyalty_model - INFO - logging_config.py:59 - Initializing Financial Model
2024-12-18 02:43:04,804 - loyalty_model - DEBUG - logging_config.py:63 - Starting financial calculations
2024-12-18 02:43:04,805 - loyalty_model - INFO - logging_config.py:59 - Initial active users calculated: 540.0
2024-12-18 02:43:04,832 - loyalty_model - INFO - logging_config.py:59 - Initializing Financial Model
2024-12-18 02:43:04,833 - loyalty_model - DEBUG - logging_config.py:63 - Starting financial calculations
2024-12-18 02:43:04,834 - loyalty_model - INFO - logging_config.py:59 - Initial active users calculated: 300.0
2024-12-18 10:42:08,196 - loyalty_model - INFO - logging_config.py:59 - Initializing Financial Model
2024-12-18 10:42:08,197 - loyalty_model - DEBUG - logging_config.py:63 - Starting financial calculations
2024-12-18 10:42:08,198 - loyalty_model - INFO - logging_config.py:59 - Initial active users calculated: 300.0
2024-12-18 10:42:35,451 - loyalty_model - INFO - logging_config.py:59 - Initializing Financial Model
2024-12-18 10:42:35,452 - loyalty_model - DEBUG - logging_config.py:63 - Starting financial calculations
2024-12-18 10:42:35,453 - loyalty_model - INFO - logging_config.py:59 - Initial active users calculated: 300.0
2024-12-18 10:43:30,884 - loyalty_model - INFO - logging_config.py:59 - Initializing Financial Model
2024-12-18 10:43:30,884 - loyalty_model - DEBUG - logging_config.py:63 - Starting financial calculations
2024-12-18 10:43:30,884 - loyalty_model - INFO - logging_config.py:59 - Initial active users calculated: 300.0
2024-12-18 10:44:28,179 - loyalty_model - INFO - logging_config.py:59 - Initializing Financial Model
2024-12-18 10:44:28,179 - loyalty_model - DEBUG - logging_config.py:63 - Starting financial calculations
2024-12-18 10:44:28,179 - loyalty_model - INFO - logging_config.py:59 - Initial active users calculated: 300.0
2024-12-18 10:45:15,435 - loyalty_model - INFO - logging_config.py:59 - Initializing Financial Model
2024-12-18 10:45:15,436 - loyalty_model - DEBUG - logging_config.py:63 - Starting financial calculations
2024-12-18 10:45:15,436 - loyalty_model - INFO - logging_config.py:59 - Initial active users calculated: 300.0
2024-12-18 10:46:27,342 - loyalty_model - INFO - logging_config.py:59 - Initializing Financial Model
2024-12-18 10:46:27,343 - loyalty_model - DEBUG - logging_config.py:63 - Starting financial calculations
2024-12-18 10:46:27,343 - loyalty_model - INFO - logging_config.py:59 - Initial active users calculated: 300.0
2024-12-18 10:46:37,331 - loyalty_model - INFO - logging_config.py:59 - Initializing Financial Model
2024-12-18 10:46:37,333 - loyalty_model - DEBUG - logging_config.py:63 - Starting financial calculations
2024-12-18 10:46:37,333 - loyalty_model - INFO - logging_config.py:59 - Initial active users calculated: 300.0
2024-12-18 10:54:17,642 - loyalty_model - INFO - logging_config.py:59 - Initializing Financial Model
2024-12-18 10:54:17,647 - loyalty_model - DEBUG - logging_config.py:63 - Starting financial calculations
2024-12-18 10:54:17,648 - loyalty_model - INFO - logging_config.py:59 - Initial active users calculated: 300.0
2024-12-18 10:54:26,833 - loyalty_model - INFO - logging_config.py:59 - Initializing Financial Model
2024-12-18 10:54:26,834 - loyalty_model - DEBUG - logging_config.py:63 - Starting financial calculations
2024-12-18 10:54:26,834 - loyalty_model - INFO - logging_config.py:59 - Initial active users calculated: 300.0
2024-12-18 10:56:10,707 - loyalty_model - INFO - logging_config.py:59 - Initializing Financial Model
2024-12-18 10:56:10,709 - loyalty_model - DEBUG - logging_config.py:63 - Starting financial calculations
2024-12-18 10:56:10,710 - loyalty_model - INFO - logging_config.py:59 - Initial active users calculated: 300.0
2024-12-18 10:56:11,143 - loyalty_model - INFO - logging_config.py:59 - Initializing Financial Model
2024-12-18 10:56:11,144 - loyalty_model - DEBUG - logging_config.py:63 - Starting financial calculations
2024-12-18 10:56:11,144 - loyalty_model - INFO - logging_config.py:59 - Initial active users calculated: 300.0
2024-12-18 10:56:11,482 - loyalty_model - INFO - logging_config.py:59 - Initializing Financial Model
2024-12-18 10:56:11,483 - loyalty_model - DEBUG - logging_config.py:63 - Starting financial calculations
2024-12-18 10:56:11,484 - loyalty_model - INFO - logging_config.py:59 - Initial active users calculated: 300.0
2024-12-18 10:56:47,122 - loyalty_model - INFO - logging_config.py:59 - Initializing Financial Model
2024-12-18 10:56:47,123 - loyalty_model - DEBUG - logging_config.py:63 - Starting financial calculations
2024-12-18 10:56:47,124 - loyalty_model - INFO - logging_config.py:59 - Initial active users calculated: 300.0
2024-12-18 10:56:47,468 - loyalty_model - INFO - logging_config.py:59 - Initializing Financial Model
2024-12-18 10:56:47,468 - loyalty_model - DEBUG - logging_config.py:63 - Starting financial calculations
2024-12-18 10:56:47,469 - loyalty_model - INFO - logging_config.py:59 - Initial active users calculated: 300.0
2024-12-18 10:56:47,740 - loyalty_model - INFO - logging_config.py:59 - Initializing Financial Model
2024-12-18 10:56:47,740 - loyalty_model - DEBUG - logging_config.py:63 - Starting financial calculations
2024-12-18 10:56:47,740 - loyalty_model - INFO - logging_config.py:59 - Initial active users calculated: 300.0
2024-12-18 10:58:20,471 - loyalty_model - INFO - logging_config.py:59 - Initializing Financial Model
2024-12-18 10:58:20,473 - loyalty_model - DEBUG - logging_config.py:63 - Starting financial calculations
2024-12-18 10:58:20,473 - loyalty_model - INFO - logging_config.py:59 - Initial active users calculated: 300.0
2024-12-18 10:58:20,688 - loyalty_model - INFO - logging_config.py:59 - Initializing Financial Model
2024-12-18 10:58:20,688 - loyalty_model - DEBUG - logging_config.py:63 - Starting financial calculations
2024-12-18 10:58:20,688 - loyalty_model - INFO - logging_config.py:59 - Initial active users calculated: 300.0
2024-12-18 10:58:20,753 - loyalty_model - INFO - logging_config.py:59 - Initializing Financial Model
2024-12-18 10:58:20,753 - loyalty_model - DEBUG - logging_config.py:63 - Starting financial calculations
2024-12-18 10:58:20,754 - loyalty_model - INFO - logging_config.py:59 - Initial active users calculated: 300.0
2024-12-18 10:58:46,487 - loyalty_model - INFO - logging_config.py:59 - Initializing Financial Model
2024-12-18 10:58:46,492 - loyalty_model - DEBUG - logging_config.py:63 - Starting financial calculations
2024-12-18 10:58:46,492 - loyalty_model - INFO - logging_config.py:59 - Initial active users calculated: 300.0
2024-12-18 10:58:46,858 - loyalty_model - INFO - logging_config.py:59 - Initializing Financial Model
2024-12-18 10:58:46,859 - loyalty_model - DEBUG - logging_config.py:63 - Starting financial calculations
2024-12-18 10:58:46,859 - loyalty_model - INFO - logging_config.py:59 - Initial active users calculated: 300.0
2024-12-18 10:58:47,153 - loyalty_model - INFO - logging_config.py:59 - Initializing Financial Model
2024-12-18 10:58:47,155 - loyalty_model - DEBUG - logging_config.py:63 - Starting financial calculations
2024-12-18 10:58:47,156 - loyalty_model - INFO - logging_config.py:59 - Initial active users calculated: 300.0
2024-12-18 11:00:06,210 - loyalty_model - INFO - logging_config.py:59 - Initializing Financial Model
2024-12-18 11:00:06,210 - loyalty_model - DEBUG - logging_config.py:63 - Starting financial calculations
2024-12-18 11:00:06,211 - loyalty_model - INFO - logging_config.py:59 - Initial active users calculated: 300.0
2024-12-18 11:00:06,532 - loyalty_model - INFO - logging_config.py:59 - Initializing Financial Model
2024-12-18 11:00:06,534 - loyalty_model - DEBUG - logging_config.py:63 - Starting financial calculations
2024-12-18 11:00:06,537 - loyalty_model - INFO - logging_config.py:59 - Initial active users calculated: 300.0
2024-12-18 11:00:06,825 - loyalty_model - INFO - logging_config.py:59 - Initializing Financial Model
2024-12-18 11:00:06,826 - loyalty_model - DEBUG - logging_config.py:63 - Starting financial calculations
2024-12-18 11:00:06,826 - loyalty_model - INFO - logging_config.py:59 - Initial active users calculated: 300.0
2024-12-18 11:01:50,789 - loyalty_model - INFO - logging_config.py:59 - Initializing Financial Model
2024-12-18 11:01:50,790 - loyalty_model - DEBUG - logging_config.py:63 - Starting financial calculations
2024-12-18 11:01:50,790 - loyalty_model - INFO - logging_config.py:59 - Initial active users calculated: 300.0
2024-12-18 11:01:51,383 - loyalty_model - INFO - logging_config.py:59 - Initializing Financial Model
2024-12-18 11:01:51,384 - loyalty_model - DEBUG - logging_config.py:63 - Starting financial calculations
2024-12-18 11:01:51,384 - loyalty_model - INFO - logging_config.py:59 - Initial active users calculated: 300.0
2024-12-18 11:01:51,612 - loyalty_model - INFO - logging_config.py:59 - Initializing Financial Model
2024-12-18 11:01:51,613 - loyalty_model - DEBUG - logging_config.py:63 - Starting financial calculations
2024-12-18 11:01:51,613 - loyalty_model - INFO - logging_config.py:59 - Initial active users calculated: 300.0
2024-12-18 11:04:49,498 - loyalty_model - INFO - logging_config.py:59 - Initializing Financial Model
2024-12-18 11:04:49,498 - loyalty_model - DEBUG - logging_config.py:63 - Starting financial calculations
2024-12-18 11:04:49,499 - loyalty_model - INFO - logging_config.py:59 - Initial active users calculated: 300.0
2024-12-18 11:05:14,257 - loyalty_model - INFO - logging_config.py:59 - Initializing Financial Model
2024-12-18 11:05:14,259 - loyalty_model - DEBUG - logging_config.py:63 - Starting financial calculations
2024-12-18 11:05:14,259 - loyalty_model - INFO - logging_config.py:59 - Initial active users calculated: 300.0
2024-12-18 11:05:43,417 - loyalty_model - INFO - logging_config.py:59 - Initializing Financial Model
2024-12-18 11:05:43,418 - loyalty_model - DEBUG - logging_config.py:63 - Starting financial calculations
2024-12-18 11:05:43,418 - loyalty_model - INFO - logging_config.py:59 - Initial active users calculated: 300.0
2024-12-18 11:05:44,375 - loyalty_model - INFO - logging_config.py:59 - Initializing Financial Model
2024-12-18 11:05:44,377 - loyalty_model - DEBUG - logging_config.py:63 - Starting financial calculations
2024-12-18 11:05:44,378 - loyalty_model - INFO - logging_config.py:59 - Initial active users calculated: 300.0
2024-12-18 11:09:01,708 - loyalty_model - INFO - logging_config.py:59 - Initializing Financial Model
2024-12-18 11:09:01,709 - loyalty_model - DEBUG - logging_config.py:63 - Starting financial calculations
2024-12-18 11:09:01,709 - loyalty_model - INFO - logging_config.py:59 - Initial active users calculated: 300.0
2024-12-18 11:09:02,882 - loyalty_model - INFO - logging_config.py:59 - Initializing Financial Model
2024-12-18 11:09:02,884 - loyalty_model - DEBUG - logging_config.py:63 - Starting financial calculations
2024-12-18 11:09:02,884 - loyalty_model - INFO - logging_config.py:59 - Initial active users calculated: 300.0
2024-12-18 11:09:40,077 - loyalty_model - INFO - logging_config.py:59 - Initializing Financial Model
2024-12-18 11:09:40,077 - loyalty_model - DEBUG - logging_config.py:63 - Starting financial calculations
2024-12-18 11:09:40,078 - loyalty_model - INFO - logging_config.py:59 - Initial active users calculated: 300.0
2024-12-18 11:09:41,145 - loyalty_model - INFO - logging_config.py:59 - Initializing Financial Model
2024-12-18 11:09:41,145 - loyalty_model - DEBUG - logging_config.py:63 - Starting financial calculations
2024-12-18 11:09:41,145 - loyalty_model - INFO - logging_config.py:59 - Initial active users calculated: 300.0
2024-12-18 11:10:19,218 - loyalty_model - INFO - logging_config.py:59 - Initializing Financial Model
2024-12-18 11:10:19,223 - loyalty_model - DEBUG - logging_config.py:63 - Starting financial calculations
2024-12-18 11:10:19,226 - loyalty_model - INFO - logging_config.py:59 - Initial active users calculated: 300.0
2024-12-18 11:10:20,324 - loyalty_model - INFO - logging_config.py:59 - Initializing Financial Model
2024-12-18 11:10:20,332 - loyalty_model - DEBUG - logging_config.py:63 - Starting financial calculations
2024-12-18 11:10:20,333 - loyalty_model - INFO - logging_config.py:59 - Initial active users calculated: 300.0
2024-12-18 11:10:59,152 - loyalty_model - INFO - logging_config.py:59 - Initializing Financial Model
2024-12-18 11:10:59,154 - loyalty_model - DEBUG - logging_config.py:63 - Starting financial calculations
2024-12-18 11:10:59,154 - loyalty_model - INFO - logging_config.py:59 - Initial active users calculated: 300.0
2024-12-18 11:11:19,194 - loyalty_model - INFO - logging_config.py:59 - Initializing Financial Model
2024-12-18 11:11:19,195 - loyalty_model - DEBUG - logging_config.py:63 - Starting financial calculations
2024-12-18 11:11:19,197 - loyalty_model - INFO - logging_config.py:59 - Initial active users calculated: 300.0
2024-12-18 11:11:20,521 - loyalty_model - INFO - logging_config.py:59 - Initializing Financial Model
2024-12-18 11:11:20,522 - loyalty_model - DEBUG - logging_config.py:63 - Starting financial calculations
2024-12-18 11:11:20,522 - loyalty_model - INFO - logging_config.py:59 - Initial active users calculated: 300.0
2024-12-18 11:17:49,438 - loyalty_model - INFO - logging_config.py:59 - Initializing Financial Model
2024-12-18 11:17:49,444 - loyalty_model - DEBUG - logging_config.py:63 - Starting financial calculations
2024-12-18 11:17:49,444 - loyalty_model - INFO - logging_config.py:59 - Initial active users calculated: 300.0
2024-12-18 11:17:50,795 - loyalty_model - INFO - logging_config.py:59 - Initializing Financial Model
2024-12-18 11:17:50,795 - loyalty_model - DEBUG - logging_config.py:63 - Starting financial calculations
2024-12-18 11:17:50,796 - loyalty_model - INFO - logging_config.py:59 - Initial active users calculated: 300.0
2024-12-18 11:22:33,408 - loyalty_model - INFO - logging_config.py:59 - Initializing Financial Model
2024-12-18 11:22:33,409 - loyalty_model - DEBUG - logging_config.py:63 - Starting financial calculations
2024-12-18 11:22:33,409 - loyalty_model - INFO - logging_config.py:59 - Initial active users calculated: 300.0
2024-12-18 11:23:07,788 - loyalty_model - INFO - logging_config.py:59 - Initializing Financial Model
2024-12-18 11:23:07,789 - loyalty_model - DEBUG - logging_config.py:63 - Starting financial calculations
2024-12-18 11:23:07,790 - loyalty_model - INFO - logging_config.py:59 - Initial active users calculated: 300.0
2024-12-18 11:23:09,057 - loyalty_model - INFO - logging_config.py:59 - Initializing Financial Model
2024-12-18 11:23:09,057 - loyalty_model - DEBUG - logging_config.py:63 - Starting financial calculations
2024-12-18 11:23:09,057 - loyalty_model - INFO - logging_config.py:59 - Initial active users calculated: 300.0
2024-12-18 11:24:15,048 - loyalty_model - INFO - logging_config.py:59 - Initializing Financial Model
2024-12-18 11:24:15,048 - loyalty_model - DEBUG - logging_config.py:63 - Starting financial calculations
2024-12-18 11:24:15,049 - loyalty_model - INFO - logging_config.py:59 - Initial active users calculated: 300.0
2024-12-18 11:24:16,214 - loyalty_model - INFO - logging_config.py:59 - Initializing Financial Model
2024-12-18 11:24:16,215 - loyalty_model - DEBUG - logging_config.py:63 - Starting financial calculations
2024-12-18 11:24:16,215 - loyalty_model - INFO - logging_config.py:59 - Initial active users calculated: 300.0
2024-12-18 11:25:19,279 - loyalty_model - INFO - logging_config.py:59 - Initializing Financial Model
2024-12-18 11:25:19,279 - loyalty_model - DEBUG - logging_config.py:63 - Starting financial calculations
2024-12-18 11:25:19,280 - loyalty_model - INFO - logging_config.py:59 - Initial active users calculated: 300.0
2024-12-18 11:25:20,448 - loyalty_model - INFO - logging_config.py:59 - Initializing Financial Model
2024-12-18 11:25:20,449 - loyalty_model - DEBUG - logging_config.py:63 - Starting financial calculations
2024-12-18 11:25:20,449 - loyalty_model - INFO - logging_config.py:59 - Initial active users calculated: 300.0
2024-12-18 11:30:09,854 - loyalty_model - INFO - logging_config.py:59 - Initializing Financial Model
2024-12-18 11:30:09,855 - loyalty_model - DEBUG - logging_config.py:63 - Starting financial calculations
2024-12-18 11:30:09,855 - loyalty_model - INFO - logging_config.py:59 - Initial active users calculated: 300.0
2024-12-18 11:30:10,481 - loyalty_model - INFO - logging_config.py:59 - Initializing Financial Model
2024-12-18 11:30:10,482 - loyalty_model - DEBUG - logging_config.py:63 - Starting financial calculations
2024-12-18 11:30:10,483 - loyalty_model - INFO - logging_config.py:59 - Initial active users calculated: 300.0
2024-12-18 11:31:41,221 - loyalty_model - INFO - logging_config.py:59 - Initializing Financial Model
2024-12-18 11:31:41,222 - loyalty_model - DEBUG - logging_config.py:63 - Starting financial calculations
2024-12-18 11:31:41,223 - loyalty_model - INFO - logging_config.py:59 - Initial active users calculated: 300.0
2024-12-18 11:31:42,269 - loyalty_model - INFO - logging_config.py:59 - Initializing Financial Model
2024-12-18 11:31:42,269 - loyalty_model - DEBUG - logging_config.py:63 - Starting financial calculations
2024-12-18 11:31:42,270 - loyalty_model - INFO - logging_config.py:59 - Initial active users calculated: 300.0
2024-12-18 11:32:37,165 - loyalty_model - INFO - logging_config.py:59 - Initializing Financial Model
2024-12-18 11:32:37,165 - loyalty_model - DEBUG - logging_config.py:63 - Starting financial calculations
2024-12-18 11:32:37,165 - loyalty_model - INFO - logging_config.py:59 - Initial active users calculated: 300.0
2024-12-18 11:32:39,028 - loyalty_model - INFO - logging_config.py:59 - Initializing Financial Model
2024-12-18 11:32:39,029 - loyalty_model - DEBUG - logging_config.py:63 - Starting financial calculations
2024-12-18 11:32:39,029 - loyalty_model - INFO - logging_config.py:59 - Initial active users calculated: 300.0
2024-12-18 11:33:55,186 - loyalty_model - INFO - logging_config.py:59 - Initializing Financial Model
2024-12-18 11:33:55,187 - loyalty_model - DEBUG - logging_config.py:63 - Starting financial calculations
2024-12-18 11:33:55,187 - loyalty_model - INFO - logging_config.py:59 - Initial active users calculated: 300.0
2024-12-18 11:33:57,095 - loyalty_model - INFO - logging_config.py:59 - Initializing Financial Model
2024-12-18 11:33:57,096 - loyalty_model - DEBUG - logging_config.py:63 - Starting financial calculations
2024-12-18 11:33:57,096 - loyalty_model - INFO - logging_config.py:59 - Initial active users calculated: 300.0
2024-12-18 11:35:20,305 - loyalty_model - INFO - logging_config.py:59 - Initializing Financial Model
2024-12-18 11:35:20,305 - loyalty_model - DEBUG - logging_config.py:63 - Starting financial calculations
2024-12-18 11:35:20,305 - loyalty_model - INFO - logging_config.py:59 - Initial active users calculated: 300.0
2024-12-18 11:35:21,400 - loyalty_model - INFO - logging_config.py:59 - Initializing Financial Model
2024-12-18 11:35:21,401 - loyalty_model - DEBUG - logging_config.py:63 - Starting financial calculations
2024-12-18 11:35:21,402 - loyalty_model - INFO - logging_config.py:59 - Initial active users calculated: 300.0
2024-12-18 11:35:44,002 - loyalty_model - INFO - logging_config.py:59 - Initializing Financial Model
2024-12-18 11:35:44,016 - loyalty_model - DEBUG - logging_config.py:63 - Starting financial calculations
2024-12-18 11:35:44,016 - loyalty_model - INFO - logging_config.py:59 - Initial active users calculated: 300.0
2024-12-18 11:35:45,111 - loyalty_model - INFO - logging_config.py:59 - Initializing Financial Model
2024-12-18 11:35:45,111 - loyalty_model - DEBUG - logging_config.py:63 - Starting financial calculations
2024-12-18 11:35:45,112 - loyalty_model - INFO - logging_config.py:59 - Initial active users calculated: 300.0
2024-12-18 11:37:11,249 - loyalty_model - INFO - logging_config.py:59 - Initializing Financial Model
2024-12-18 11:37:11,249 - loyalty_model - DEBUG - logging_config.py:63 - Starting financial calculations
2024-12-18 11:37:11,250 - loyalty_model - INFO - logging_config.py:59 - Initial active users calculated: 300.0
2024-12-18 11:37:12,216 - loyalty_model - INFO - logging_config.py:59 - Initializing Financial Model
2024-12-18 11:37:12,217 - loyalty_model - DEBUG - logging_config.py:63 - Starting financial calculations
2024-12-18 11:37:12,225 - loyalty_model - INFO - logging_config.py:59 - Initial active users calculated: 300.0
