2024-12-17 00:02:04,230 - loyalty_model - INFO - logging_config.py:59 - Initializing Financial Model
2024-12-17 00:02:04,230 - loyalty_model - DEBUG - logging_config.py:63 - Starting financial calculations
2024-12-17 00:02:04,230 - loyalty_model - INFO - logging_config.py:59 - Initial active users calculated: 400.0
2024-12-17 00:02:06,253 - loyalty_model - INFO - logging_config.py:59 - Initializing Financial Model
2024-12-17 00:02:06,273 - loyalty_model - DEBUG - logging_config.py:63 - Starting financial calculations
2024-12-17 00:02:06,273 - loyalty_model - INFO - logging_config.py:59 - Initial active users calculated: 400.0
2024-12-17 00:02:08,547 - loyalty_model - INFO - logging_config.py:59 - Initializing Financial Model
2024-12-17 00:02:08,548 - loyalty_model - DEBUG - logging_config.py:63 - Starting financial calculations
2024-12-17 00:02:08,548 - loyalty_model - INFO - logging_config.py:59 - Initial active users calculated: 400.0
2024-12-17 00:02:13,757 - loyalty_model - INFO - logging_config.py:59 - Initializing Financial Model
2024-12-17 00:02:13,757 - loyalty_model - DEBUG - logging_config.py:63 - Starting financial calculations
2024-12-17 00:02:13,758 - loyalty_model - INFO - logging_config.py:59 - Initial active users calculated: 400.0
2024-12-17 00:02:27,493 - loyalty_model - INFO - logging_config.py:59 - Initializing Financial Model
2024-12-17 00:02:27,494 - loyalty_model - DEBUG - logging_config.py:63 - Starting financial calculations
2024-12-17 00:02:27,495 - loyalty_model - INFO - logging_config.py:59 - Initial active users calculated: 400.0
2024-12-17 00:03:03,051 - loyalty_model - INFO - logging_config.py:59 - Initializing Financial Model
2024-12-17 00:03:03,052 - loyalty_model - DEBUG - logging_config.py:63 - Starting financial calculations
2024-12-17 00:03:03,052 - loyalty_model - INFO - logging_config.py:59 - Initial active users calculated: 400.0
2024-12-17 00:03:53,642 - loyalty_model - INFO - logging_config.py:59 - Initializing Financial Model
2024-12-17 00:03:53,643 - loyalty_model - DEBUG - logging_config.py:63 - Starting financial calculations
2024-12-17 00:03:53,644 - loyalty_model - INFO - logging_config.py:59 - Initial active users calculated: 400.0
2024-12-17 00:03:57,740 - loyalty_model - INFO - logging_config.py:59 - Initializing Financial Model
2024-12-17 00:03:57,744 - loyalty_model - DEBUG - logging_config.py:63 - Starting financial calculations
2024-12-17 00:03:57,745 - loyalty_model - INFO - logging_config.py:59 - Initial active users calculated: 400.0
2024-12-17 00:03:58,103 - loyalty_model - INFO - logging_config.py:59 - Initializing Financial Model
2024-12-17 00:03:58,103 - loyalty_model - DEBUG - logging_config.py:63 - Starting financial calculations
2024-12-17 00:03:58,104 - loyalty_model - INFO - logging_config.py:59 - Initial active users calculated: 400.0
2024-12-17 00:04:48,334 - loyalty_model - INFO - logging_config.py:59 - Initializing Financial Model
2024-12-17 00:04:48,335 - loyalty_model - DEBUG - logging_config.py:63 - Starting financial calculations
2024-12-17 00:04:48,335 - loyalty_model - INFO - logging_config.py:59 - Initial active users calculated: 400.0
2024-12-17 00:05:04,434 - loyalty_model - INFO - logging_config.py:59 - Initializing Financial Model
2024-12-17 00:05:04,435 - loyalty_model - DEBUG - logging_config.py:63 - Starting financial calculations
2024-12-17 00:05:04,435 - loyalty_model - INFO - logging_config.py:59 - Initial active users calculated: 400.0
2024-12-17 00:05:06,823 - loyalty_model - INFO - logging_config.py:59 - Initializing Financial Model
2024-12-17 00:05:06,823 - loyalty_model - DEBUG - logging_config.py:63 - Starting financial calculations
2024-12-17 00:05:06,823 - loyalty_model - INFO - logging_config.py:59 - Initial active users calculated: 400.0
2024-12-17 00:05:10,552 - loyalty_model - INFO - logging_config.py:59 - Initializing Financial Model
2024-12-17 00:05:10,553 - loyalty_model - DEBUG - logging_config.py:63 - Starting financial calculations
2024-12-17 00:05:10,553 - loyalty_model - INFO - logging_config.py:59 - Initial active users calculated: 400.0
2024-12-17 00:05:13,600 - loyalty_model - INFO - logging_config.py:59 - Initializing Financial Model
2024-12-17 00:05:13,600 - loyalty_model - DEBUG - logging_config.py:63 - Starting financial calculations
2024-12-17 00:05:13,600 - loyalty_model - INFO - logging_config.py:59 - Initial active users calculated: 400.0
2024-12-17 00:05:23,675 - loyalty_model - INFO - logging_config.py:59 - Initializing Financial Model
2024-12-17 00:05:23,676 - loyalty_model - DEBUG - logging_config.py:63 - Starting financial calculations
2024-12-17 00:05:23,677 - loyalty_model - INFO - logging_config.py:59 - Initial active users calculated: 400.0
2024-12-17 00:05:24,128 - loyalty_model - INFO - logging_config.py:59 - Initializing Financial Model
2024-12-17 00:05:24,130 - loyalty_model - DEBUG - logging_config.py:63 - Starting financial calculations
2024-12-17 00:05:24,131 - loyalty_model - INFO - logging_config.py:59 - Initial active users calculated: 400.0
2024-12-17 00:05:24,354 - loyalty_model - INFO - logging_config.py:59 - Initializing Financial Model
2024-12-17 00:05:24,355 - loyalty_model - DEBUG - logging_config.py:63 - Starting financial calculations
2024-12-17 00:05:24,355 - loyalty_model - INFO - logging_config.py:59 - Initial active users calculated: 400.0
2024-12-17 00:05:25,055 - loyalty_model - INFO - logging_config.py:59 - Initializing Financial Model
2024-12-17 00:05:25,057 - loyalty_model - DEBUG - logging_config.py:63 - Starting financial calculations
2024-12-17 00:05:25,057 - loyalty_model - INFO - logging_config.py:59 - Initial active users calculated: 400.0
2024-12-17 00:05:25,404 - loyalty_model - INFO - logging_config.py:59 - Initializing Financial Model
2024-12-17 00:05:25,404 - loyalty_model - DEBUG - logging_config.py:63 - Starting financial calculations
2024-12-17 00:05:25,405 - loyalty_model - INFO - logging_config.py:59 - Initial active users calculated: 400.0
2024-12-17 00:05:33,088 - loyalty_model - INFO - logging_config.py:59 - Initializing Financial Model
2024-12-17 00:05:33,088 - loyalty_model - DEBUG - logging_config.py:63 - Starting financial calculations
2024-12-17 00:05:33,088 - loyalty_model - INFO - logging_config.py:59 - Initial active users calculated: 400.0
2024-12-17 00:05:35,431 - loyalty_model - INFO - logging_config.py:59 - Initializing Financial Model
2024-12-17 00:05:35,432 - loyalty_model - DEBUG - logging_config.py:63 - Starting financial calculations
2024-12-17 00:05:35,432 - loyalty_model - INFO - logging_config.py:59 - Initial active users calculated: 400.0
2024-12-17 00:05:35,744 - loyalty_model - INFO - logging_config.py:59 - Initializing Financial Model
2024-12-17 00:05:35,745 - loyalty_model - DEBUG - logging_config.py:63 - Starting financial calculations
2024-12-17 00:05:35,745 - loyalty_model - INFO - logging_config.py:59 - Initial active users calculated: 400.0
2024-12-17 00:05:36,903 - loyalty_model - INFO - logging_config.py:59 - Initializing Financial Model
2024-12-17 00:05:36,903 - loyalty_model - DEBUG - logging_config.py:63 - Starting financial calculations
2024-12-17 00:05:36,904 - loyalty_model - INFO - logging_config.py:59 - Initial active users calculated: 400.0
2024-12-17 00:05:42,091 - loyalty_model - INFO - logging_config.py:59 - Initializing Financial Model
2024-12-17 00:05:42,092 - loyalty_model - DEBUG - logging_config.py:63 - Starting financial calculations
2024-12-17 00:05:42,092 - loyalty_model - INFO - logging_config.py:59 - Initial active users calculated: 400.0
2024-12-17 00:05:44,236 - loyalty_model - INFO - logging_config.py:59 - Initializing Financial Model
2024-12-17 00:05:44,237 - loyalty_model - DEBUG - logging_config.py:63 - Starting financial calculations
2024-12-17 00:05:44,237 - loyalty_model - INFO - logging_config.py:59 - Initial active users calculated: 400.0
2024-12-17 00:07:01,192 - loyalty_model - INFO - logging_config.py:59 - Initializing Financial Model
2024-12-17 00:07:01,192 - loyalty_model - DEBUG - logging_config.py:63 - Starting financial calculations
2024-12-17 00:07:01,192 - loyalty_model - INFO - logging_config.py:59 - Initial active users calculated: 400.0
2024-12-17 00:07:25,990 - loyalty_model - INFO - logging_config.py:59 - Initializing Financial Model
2024-12-17 00:07:25,990 - loyalty_model - DEBUG - logging_config.py:63 - Starting financial calculations
2024-12-17 00:07:25,990 - loyalty_model - INFO - logging_config.py:59 - Initial active users calculated: 400.0
2024-12-17 00:07:29,728 - loyalty_model - INFO - logging_config.py:59 - Initializing Financial Model
2024-12-17 00:07:29,729 - loyalty_model - DEBUG - logging_config.py:63 - Starting financial calculations
2024-12-17 00:07:29,730 - loyalty_model - INFO - logging_config.py:59 - Initial active users calculated: 400.0
2024-12-17 00:07:30,041 - loyalty_model - INFO - logging_config.py:59 - Initializing Financial Model
2024-12-17 00:07:30,041 - loyalty_model - DEBUG - logging_config.py:63 - Starting financial calculations
2024-12-17 00:07:30,042 - loyalty_model - INFO - logging_config.py:59 - Initial active users calculated: 400.0
2024-12-17 00:08:58,719 - loyalty_model - INFO - logging_config.py:59 - Initializing Financial Model
2024-12-17 00:08:58,719 - loyalty_model - INFO - logging_config.py:59 - Initializing Financial Model
2024-12-17 00:08:58,721 - loyalty_model - DEBUG - logging_config.py:63 - Starting financial calculations
2024-12-17 00:08:58,721 - loyalty_model - DEBUG - logging_config.py:63 - Starting financial calculations
2024-12-17 00:08:58,722 - loyalty_model - INFO - logging_config.py:59 - Initial active users calculated: 400.0
2024-12-17 00:08:58,722 - loyalty_model - INFO - logging_config.py:59 - Initial active users calculated: 400.0
2024-12-17 00:09:03,719 - loyalty_model - INFO - logging_config.py:59 - Initializing Financial Model
2024-12-17 00:09:03,720 - loyalty_model - DEBUG - logging_config.py:63 - Starting financial calculations
2024-12-17 00:09:03,721 - loyalty_model - INFO - logging_config.py:59 - Initial active users calculated: 400.0
2024-12-17 00:09:06,521 - loyalty_model - INFO - logging_config.py:59 - Initializing Financial Model
2024-12-17 00:09:06,523 - loyalty_model - DEBUG - logging_config.py:63 - Starting financial calculations
2024-12-17 00:09:06,523 - loyalty_model - INFO - logging_config.py:59 - Initial active users calculated: 400.0
2024-12-17 00:09:48,478 - loyalty_model - INFO - logging_config.py:59 - Initializing Financial Model
2024-12-17 00:09:48,479 - loyalty_model - INFO - logging_config.py:59 - Creating session state backup
2024-12-17 00:09:48,480 - loyalty_model - INFO - logging_config.py:59 - Applied preset pessimistic with values: {'initial_users': 800, 'active_conversion': 0.35, 'growth_rate_y1': 0.2, 'growth_rate_y2': 0.1, 'avg_check': 2500, 'points_usage_rate': 0.6, 'exchange_commission_rate': 0.02, 'reward_commission_rate': 0.03, 'burn_rate_fot_1': 3000000, 'burn_rate_fot_2': 4000000, 'base_infra_cost': 250000, 'monthly_marketing_budget': 150000, 'marketing_efficiency': 100, 'marketing_spend_rate': 0.15, 'ad_revenue_per_user': 15, 'partnership_rate': 0.003}
2024-12-17 00:09:48,481 - loyalty_model - DEBUG - logging_config.py:63 - Starting financial calculations
2024-12-17 00:09:48,481 - loyalty_model - INFO - logging_config.py:59 - Initial active users calculated: 280.0
2024-12-17 00:09:48,483 - loyalty_model - INFO - logging_config.py:59 - Restoring session state from backup
2024-12-17 00:09:48,484 - loyalty_model - INFO - logging_config.py:59 - Creating session state backup
2024-12-17 00:09:48,485 - loyalty_model - INFO - logging_config.py:59 - Applied preset standard with values: {'initial_users': 1000, 'active_conversion': 0.4, 'growth_rate_y1': 0.08, 'growth_rate_y2': 0.04, 'avg_check': 3000, 'points_usage_rate': 0.7, 'exchange_commission_rate': 0.03, 'reward_commission_rate': 0.05, 'burn_rate_fot_1': 2500000, 'burn_rate_fot_2': 3500000, 'base_infra_cost': 200000, 'monthly_marketing_budget': 200000, 'marketing_efficiency': 250, 'ad_revenue_per_user': 20, 'partnership_rate': 0.005}
2024-12-17 00:09:48,486 - loyalty_model - DEBUG - logging_config.py:63 - Starting financial calculations
2024-12-17 00:09:48,486 - loyalty_model - INFO - logging_config.py:59 - Initial active users calculated: 400.0
2024-12-17 00:09:48,487 - loyalty_model - INFO - logging_config.py:59 - Restoring session state from backup
2024-12-17 00:09:48,488 - loyalty_model - INFO - logging_config.py:59 - Creating session state backup
2024-12-17 00:09:48,489 - loyalty_model - INFO - logging_config.py:59 - Applied preset optimistic with values: {'initial_users': 1200, 'active_conversion': 0.45, 'growth_rate_y1': 0.1, 'growth_rate_y2': 0.05, 'avg_check': 3500, 'points_usage_rate': 0.8, 'exchange_commission_rate': 0.04, 'reward_commission_rate': 0.06, 'burn_rate_fot_1': 2000000, 'burn_rate_fot_2': 3000000, 'base_infra_cost': 180000, 'monthly_marketing_budget': 250000, 'marketing_efficiency': 300, 'ad_revenue_per_user': 25, 'partnership_rate': 0.007}
2024-12-17 00:09:48,490 - loyalty_model - DEBUG - logging_config.py:63 - Starting financial calculations
2024-12-17 00:09:48,490 - loyalty_model - INFO - logging_config.py:59 - Initial active users calculated: 540.0
2024-12-17 00:09:48,491 - loyalty_model - INFO - logging_config.py:59 - Restoring session state from backup
2024-12-17 00:11:08,840 - loyalty_model - INFO - logging_config.py:59 - Initializing Financial Model
2024-12-17 00:11:08,843 - loyalty_model - DEBUG - logging_config.py:63 - Starting financial calculations
2024-12-17 00:11:08,844 - loyalty_model - INFO - logging_config.py:59 - Initial active users calculated: 400.0
2024-12-17 00:11:12,109 - loyalty_model - INFO - logging_config.py:59 - Initializing Financial Model
2024-12-17 00:11:12,110 - loyalty_model - DEBUG - logging_config.py:63 - Starting financial calculations
2024-12-17 00:11:12,110 - loyalty_model - INFO - logging_config.py:59 - Initial active users calculated: 400.0
2024-12-17 00:11:12,688 - loyalty_model - INFO - logging_config.py:59 - Initializing Financial Model
2024-12-17 00:11:12,689 - loyalty_model - DEBUG - logging_config.py:63 - Starting financial calculations
2024-12-17 00:11:12,689 - loyalty_model - INFO - logging_config.py:59 - Initial active users calculated: 400.0
2024-12-17 00:12:02,430 - loyalty_model - INFO - logging_config.py:59 - Initializing Financial Model
2024-12-17 00:12:02,431 - loyalty_model - INFO - logging_config.py:59 - Creating session state backup
2024-12-17 00:12:02,432 - loyalty_model - INFO - logging_config.py:59 - Applied preset pessimistic with values: {'initial_users': 800, 'active_conversion': 0.35, 'growth_rate_y1': 0.2, 'growth_rate_y2': 0.1, 'avg_check': 2500, 'points_usage_rate': 0.6, 'exchange_commission_rate': 0.02, 'reward_commission_rate': 0.03, 'burn_rate_fot_1': 3000000, 'burn_rate_fot_2': 4000000, 'base_infra_cost': 250000, 'monthly_marketing_budget': 150000, 'marketing_efficiency': 100, 'marketing_spend_rate': 0.15, 'ad_revenue_per_user': 15, 'partnership_rate': 0.003}
2024-12-17 00:12:02,433 - loyalty_model - DEBUG - logging_config.py:63 - Starting financial calculations
2024-12-17 00:12:02,433 - loyalty_model - INFO - logging_config.py:59 - Initial active users calculated: 280.0
2024-12-17 00:12:02,434 - loyalty_model - INFO - logging_config.py:59 - Restoring session state from backup
2024-12-17 00:12:02,435 - loyalty_model - INFO - logging_config.py:59 - Creating session state backup
2024-12-17 00:12:02,437 - loyalty_model - INFO - logging_config.py:59 - Applied preset standard with values: {'initial_users': 1000, 'active_conversion': 0.4, 'growth_rate_y1': 0.08, 'growth_rate_y2': 0.04, 'avg_check': 3000, 'points_usage_rate': 0.7, 'exchange_commission_rate': 0.03, 'reward_commission_rate': 0.05, 'burn_rate_fot_1': 2500000, 'burn_rate_fot_2': 3500000, 'base_infra_cost': 200000, 'monthly_marketing_budget': 200000, 'marketing_efficiency': 250, 'ad_revenue_per_user': 20, 'partnership_rate': 0.005}
2024-12-17 00:12:02,437 - loyalty_model - DEBUG - logging_config.py:63 - Starting financial calculations
2024-12-17 00:12:02,437 - loyalty_model - INFO - logging_config.py:59 - Initial active users calculated: 400.0
2024-12-17 00:12:02,438 - loyalty_model - INFO - logging_config.py:59 - Restoring session state from backup
2024-12-17 00:12:02,443 - loyalty_model - INFO - logging_config.py:59 - Creating session state backup
2024-12-17 00:12:02,445 - loyalty_model - INFO - logging_config.py:59 - Applied preset optimistic with values: {'initial_users': 1200, 'active_conversion': 0.45, 'growth_rate_y1': 0.1, 'growth_rate_y2': 0.05, 'avg_check': 3500, 'points_usage_rate': 0.8, 'exchange_commission_rate': 0.04, 'reward_commission_rate': 0.06, 'burn_rate_fot_1': 2000000, 'burn_rate_fot_2': 3000000, 'base_infra_cost': 180000, 'monthly_marketing_budget': 250000, 'marketing_efficiency': 300, 'ad_revenue_per_user': 25, 'partnership_rate': 0.007}
2024-12-17 00:12:02,445 - loyalty_model - DEBUG - logging_config.py:63 - Starting financial calculations
2024-12-17 00:12:02,446 - loyalty_model - INFO - logging_config.py:59 - Initial active users calculated: 540.0
2024-12-17 00:12:02,448 - loyalty_model - INFO - logging_config.py:59 - Restoring session state from backup
2024-12-17 00:12:11,718 - loyalty_model - INFO - logging_config.py:59 - Initializing Financial Model
2024-12-17 00:12:11,718 - loyalty_model - DEBUG - logging_config.py:63 - Starting financial calculations
2024-12-17 00:12:11,719 - loyalty_model - INFO - logging_config.py:59 - Initial active users calculated: 400.0
2024-12-17 00:12:22,900 - loyalty_model - INFO - logging_config.py:59 - Initializing Financial Model
2024-12-17 00:12:22,901 - loyalty_model - DEBUG - logging_config.py:63 - Starting financial calculations
2024-12-17 00:12:22,901 - loyalty_model - INFO - logging_config.py:59 - Initial active users calculated: 400.0
2024-12-17 00:12:22,934 - loyalty_model - INFO - logging_config.py:59 - Initializing Financial Model
2024-12-17 00:12:22,934 - loyalty_model - DEBUG - logging_config.py:63 - Starting financial calculations
2024-12-17 00:12:22,935 - loyalty_model - INFO - logging_config.py:59 - Initial active users calculated: 280.0
2024-12-17 00:12:25,227 - loyalty_model - INFO - logging_config.py:59 - Initializing Financial Model
2024-12-17 00:12:25,227 - loyalty_model - DEBUG - logging_config.py:63 - Starting financial calculations
2024-12-17 00:12:25,228 - loyalty_model - INFO - logging_config.py:59 - Initial active users calculated: 280.0
2024-12-17 00:12:25,268 - loyalty_model - INFO - logging_config.py:59 - Initializing Financial Model
2024-12-17 00:12:25,268 - loyalty_model - DEBUG - logging_config.py:63 - Starting financial calculations
2024-12-17 00:12:25,269 - loyalty_model - INFO - logging_config.py:59 - Initial active users calculated: 400.0
2024-12-17 00:12:36,399 - loyalty_model - INFO - logging_config.py:59 - Initializing Financial Model
2024-12-17 00:12:36,400 - loyalty_model - DEBUG - logging_config.py:63 - Starting financial calculations
2024-12-17 00:12:36,400 - loyalty_model - INFO - logging_config.py:59 - Initial active users calculated: 400.0
2024-12-17 00:14:28,396 - loyalty_model - INFO - logging_config.py:59 - Initializing Financial Model
2024-12-17 00:14:28,397 - loyalty_model - DEBUG - logging_config.py:63 - Starting financial calculations
2024-12-17 00:14:28,397 - loyalty_model - INFO - logging_config.py:59 - Initial active users calculated: 400.0
2024-12-17 00:14:31,153 - loyalty_model - INFO - logging_config.py:59 - Initializing Financial Model
2024-12-17 00:14:31,154 - loyalty_model - DEBUG - logging_config.py:63 - Starting financial calculations
2024-12-17 00:14:31,154 - loyalty_model - INFO - logging_config.py:59 - Initial active users calculated: 400.0
2024-12-17 00:14:33,322 - loyalty_model - INFO - logging_config.py:59 - Initializing Financial Model
2024-12-17 00:14:33,323 - loyalty_model - DEBUG - logging_config.py:63 - Starting financial calculations
2024-12-17 00:14:33,323 - loyalty_model - INFO - logging_config.py:59 - Initial active users calculated: 400.0
2024-12-17 00:14:46,874 - loyalty_model - INFO - logging_config.py:59 - Initializing Financial Model
2024-12-17 00:14:46,874 - loyalty_model - DEBUG - logging_config.py:63 - Starting financial calculations
2024-12-17 00:14:46,875 - loyalty_model - INFO - logging_config.py:59 - Initial active users calculated: 400.0
2024-12-17 00:14:46,899 - loyalty_model - INFO - logging_config.py:59 - Initializing Financial Model
2024-12-17 00:14:46,899 - loyalty_model - DEBUG - logging_config.py:63 - Starting financial calculations
2024-12-17 00:14:46,899 - loyalty_model - INFO - logging_config.py:59 - Initial active users calculated: 280.0
2024-12-17 00:14:49,093 - loyalty_model - INFO - logging_config.py:59 - Initializing Financial Model
2024-12-17 00:14:49,093 - loyalty_model - DEBUG - logging_config.py:63 - Starting financial calculations
2024-12-17 00:14:49,093 - loyalty_model - INFO - logging_config.py:59 - Initial active users calculated: 280.0
2024-12-17 00:14:49,118 - loyalty_model - INFO - logging_config.py:59 - Initializing Financial Model
2024-12-17 00:14:49,118 - loyalty_model - DEBUG - logging_config.py:63 - Starting financial calculations
2024-12-17 00:14:49,118 - loyalty_model - INFO - logging_config.py:59 - Initial active users calculated: 400.0
2024-12-17 00:15:03,927 - loyalty_model - INFO - logging_config.py:59 - Initializing Financial Model
2024-12-17 00:15:03,928 - loyalty_model - DEBUG - logging_config.py:63 - Starting financial calculations
2024-12-17 00:15:03,928 - loyalty_model - INFO - logging_config.py:59 - Initial active users calculated: 400.0
2024-12-17 00:15:15,076 - loyalty_model - INFO - logging_config.py:59 - Initializing Financial Model
2024-12-17 00:15:15,076 - loyalty_model - DEBUG - logging_config.py:63 - Starting financial calculations
2024-12-17 00:15:15,077 - loyalty_model - INFO - logging_config.py:59 - Initial active users calculated: 400.0
2024-12-17 00:15:18,919 - loyalty_model - INFO - logging_config.py:59 - Initializing Financial Model
2024-12-17 00:15:18,922 - loyalty_model - DEBUG - logging_config.py:63 - Starting financial calculations
2024-12-17 00:15:18,922 - loyalty_model - INFO - logging_config.py:59 - Initial active users calculated: 400.0
2024-12-17 00:16:02,141 - loyalty_model - INFO - logging_config.py:59 - Initializing Financial Model
2024-12-17 00:16:02,141 - loyalty_model - DEBUG - logging_config.py:63 - Starting financial calculations
2024-12-17 00:16:02,141 - loyalty_model - INFO - logging_config.py:59 - Initial active users calculated: 400.0
2024-12-17 00:16:05,265 - loyalty_model - INFO - logging_config.py:59 - Initializing Financial Model
2024-12-17 00:16:05,267 - loyalty_model - DEBUG - logging_config.py:63 - Starting financial calculations
2024-12-17 00:16:05,267 - loyalty_model - INFO - logging_config.py:59 - Initial active users calculated: 400.0
2024-12-17 00:16:06,565 - loyalty_model - INFO - logging_config.py:59 - Initializing Financial Model
2024-12-17 00:16:06,566 - loyalty_model - DEBUG - logging_config.py:63 - Starting financial calculations
2024-12-17 00:16:06,566 - loyalty_model - INFO - logging_config.py:59 - Initial active users calculated: 400.0
2024-12-17 00:17:44,556 - loyalty_model - INFO - logging_config.py:59 - Initializing Financial Model
2024-12-17 00:17:44,556 - loyalty_model - DEBUG - logging_config.py:63 - Starting financial calculations
2024-12-17 00:17:44,556 - loyalty_model - INFO - logging_config.py:59 - Initial active users calculated: 400.0
2024-12-17 00:17:47,330 - loyalty_model - INFO - logging_config.py:59 - Initializing Financial Model
2024-12-17 00:17:47,347 - loyalty_model - DEBUG - logging_config.py:63 - Starting financial calculations
2024-12-17 00:17:47,352 - loyalty_model - INFO - logging_config.py:59 - Initial active users calculated: 400.0
2024-12-17 00:17:48,744 - loyalty_model - INFO - logging_config.py:59 - Initializing Financial Model
2024-12-17 00:17:48,750 - loyalty_model - DEBUG - logging_config.py:63 - Starting financial calculations
2024-12-17 00:17:48,750 - loyalty_model - INFO - logging_config.py:59 - Initial active users calculated: 400.0
2024-12-17 00:18:58,406 - loyalty_model - INFO - logging_config.py:59 - Initializing Financial Model
2024-12-17 00:18:58,406 - loyalty_model - DEBUG - logging_config.py:63 - Starting financial calculations
2024-12-17 00:18:58,407 - loyalty_model - INFO - logging_config.py:59 - Initial active users calculated: 400.0
2024-12-17 00:20:14,014 - loyalty_model - INFO - logging_config.py:59 - Initializing Financial Model
2024-12-17 00:20:14,015 - loyalty_model - DEBUG - logging_config.py:63 - Starting financial calculations
2024-12-17 00:20:14,016 - loyalty_model - INFO - logging_config.py:59 - Initial active users calculated: 400.0
2024-12-17 00:20:17,734 - loyalty_model - INFO - logging_config.py:59 - Initializing Financial Model
2024-12-17 00:20:17,734 - loyalty_model - DEBUG - logging_config.py:63 - Starting financial calculations
2024-12-17 00:20:17,734 - loyalty_model - INFO - logging_config.py:59 - Initial active users calculated: 400.0
2024-12-17 00:20:19,157 - loyalty_model - INFO - logging_config.py:59 - Initializing Financial Model
2024-12-17 00:20:19,158 - loyalty_model - DEBUG - logging_config.py:63 - Starting financial calculations
2024-12-17 00:20:19,158 - loyalty_model - INFO - logging_config.py:59 - Initial active users calculated: 400.0
2024-12-17 00:21:37,947 - loyalty_model - INFO - logging_config.py:59 - Initializing Financial Model
2024-12-17 00:21:37,947 - loyalty_model - DEBUG - logging_config.py:63 - Starting financial calculations
2024-12-17 00:21:37,948 - loyalty_model - INFO - logging_config.py:59 - Initial active users calculated: 400.0
2024-12-17 00:21:37,971 - loyalty_model - INFO - logging_config.py:59 - Initializing Financial Model
2024-12-17 00:21:37,972 - loyalty_model - DEBUG - logging_config.py:63 - Starting financial calculations
2024-12-17 00:21:37,972 - loyalty_model - INFO - logging_config.py:59 - Initial active users calculated: 280.0
2024-12-17 00:21:38,850 - loyalty_model - INFO - logging_config.py:59 - Initializing Financial Model
2024-12-17 00:21:38,851 - loyalty_model - DEBUG - logging_config.py:63 - Starting financial calculations
2024-12-17 00:21:38,851 - loyalty_model - INFO - logging_config.py:59 - Initial active users calculated: 400.0
2024-12-17 00:21:40,662 - loyalty_model - INFO - logging_config.py:59 - Initializing Financial Model
2024-12-17 00:21:40,663 - loyalty_model - DEBUG - logging_config.py:63 - Starting financial calculations
2024-12-17 00:21:40,664 - loyalty_model - INFO - logging_config.py:59 - Initial active users calculated: 280.0
2024-12-17 00:21:40,693 - loyalty_model - INFO - logging_config.py:59 - Initializing Financial Model
2024-12-17 00:21:40,694 - loyalty_model - DEBUG - logging_config.py:63 - Starting financial calculations
2024-12-17 00:21:40,694 - loyalty_model - INFO - logging_config.py:59 - Initial active users calculated: 400.0
2024-12-17 00:22:53,954 - loyalty_model - INFO - logging_config.py:59 - Initializing Financial Model
2024-12-17 00:22:53,954 - loyalty_model - INFO - logging_config.py:59 - Initializing Financial Model
2024-12-17 00:22:53,954 - loyalty_model - DEBUG - logging_config.py:63 - Starting financial calculations
2024-12-17 00:22:53,954 - loyalty_model - DEBUG - logging_config.py:63 - Starting financial calculations
2024-12-17 00:22:53,955 - loyalty_model - INFO - logging_config.py:59 - Initial active users calculated: 400.0
2024-12-17 00:22:53,955 - loyalty_model - INFO - logging_config.py:59 - Initial active users calculated: 400.0
2024-12-17 00:23:05,259 - loyalty_model - INFO - logging_config.py:59 - Initializing Financial Model
2024-12-17 00:23:05,261 - loyalty_model - DEBUG - logging_config.py:63 - Starting financial calculations
2024-12-17 00:23:05,262 - loyalty_model - INFO - logging_config.py:59 - Initial active users calculated: 400.0
2024-12-17 00:23:08,337 - loyalty_model - INFO - logging_config.py:59 - Initializing Financial Model
2024-12-17 00:23:08,338 - loyalty_model - DEBUG - logging_config.py:63 - Starting financial calculations
2024-12-17 00:23:08,338 - loyalty_model - INFO - logging_config.py:59 - Initial active users calculated: 400.0
2024-12-17 00:23:08,968 - loyalty_model - INFO - logging_config.py:59 - Initializing Financial Model
2024-12-17 00:23:08,969 - loyalty_model - DEBUG - logging_config.py:63 - Starting financial calculations
2024-12-17 00:23:08,969 - loyalty_model - INFO - logging_config.py:59 - Initial active users calculated: 400.0
2024-12-17 00:24:04,780 - loyalty_model - INFO - logging_config.py:59 - Initializing Financial Model
2024-12-17 00:24:04,780 - loyalty_model - DEBUG - logging_config.py:63 - Starting financial calculations
2024-12-17 00:24:04,780 - loyalty_model - INFO - logging_config.py:59 - Initial active users calculated: 400.0
2024-12-17 00:24:04,807 - loyalty_model - INFO - logging_config.py:59 - Initializing Financial Model
2024-12-17 00:24:04,809 - loyalty_model - DEBUG - logging_config.py:63 - Starting financial calculations
2024-12-17 00:24:04,810 - loyalty_model - INFO - logging_config.py:59 - Initial active users calculated: 280.0
2024-12-17 00:24:19,111 - loyalty_model - INFO - logging_config.py:59 - Initializing Financial Model
2024-12-17 00:24:19,111 - loyalty_model - DEBUG - logging_config.py:63 - Starting financial calculations
2024-12-17 00:24:19,112 - loyalty_model - INFO - logging_config.py:59 - Initial active users calculated: 400.0
2024-12-17 00:24:19,199 - loyalty_model - INFO - logging_config.py:59 - Initializing Financial Model
2024-12-17 00:24:19,243 - loyalty_model - DEBUG - logging_config.py:63 - Starting financial calculations
2024-12-17 00:24:19,243 - loyalty_model - INFO - logging_config.py:59 - Initial active users calculated: 280.0
2024-12-17 00:24:19,304 - loyalty_model - INFO - logging_config.py:59 - Initializing Financial Model
2024-12-17 00:24:19,305 - loyalty_model - DEBUG - logging_config.py:63 - Starting financial calculations
2024-12-17 00:24:19,306 - loyalty_model - INFO - logging_config.py:59 - Initial active users calculated: 400.0
2024-12-17 00:25:44,913 - loyalty_model - INFO - logging_config.py:59 - Initializing Financial Model
2024-12-17 00:25:44,913 - loyalty_model - DEBUG - logging_config.py:63 - Starting financial calculations
2024-12-17 00:25:44,914 - loyalty_model - INFO - logging_config.py:59 - Initial active users calculated: 400.0
2024-12-17 00:26:51,812 - loyalty_model - INFO - logging_config.py:59 - Initializing Financial Model
2024-12-17 00:26:51,812 - loyalty_model - DEBUG - logging_config.py:63 - Starting financial calculations
2024-12-17 00:26:51,813 - loyalty_model - INFO - logging_config.py:59 - Initial active users calculated: 400.0
2024-12-17 00:27:19,570 - loyalty_model - INFO - logging_config.py:59 - Initializing Financial Model
2024-12-17 00:27:19,573 - loyalty_model - DEBUG - logging_config.py:63 - Starting financial calculations
2024-12-17 00:27:19,573 - loyalty_model - INFO - logging_config.py:59 - Initial active users calculated: 400.0
